University API Benchmark - Fixed

Iteration 1/50

□ Users
└ Create User
  ┌
  │ 'Current randomInt: 423709'
  └
  POST http://localhost:3000/users/create [errored]
     socket hang up
  2. Status is 201 or 200 for user creation
  ┌
  │ 'Error parsing JSON response or extracting user_id:', { type: 'Error',
  │ 7mname: 'JSONError', message: '"undefined" is not valid JSON' }
  └
  √  Response is valid JSON and ID is captured

└ POST User Login
  ┌
  │ 'Current randomInt: 9098522'
  └
  POST http://localhost:3000/users/login [errored]
     socket hang up
  4. Status is 400 for login failure
  ┌
  │ 'Error parsing JSON response for login failure test:', { type: 'Error',
  │ 37mname: 'JSONError', message: '"undefined" is not valid JSON' }
  └
  √  Login failure response is valid JSON

└ GET All Users
  ┌
  │ 'Current randomInt: 2845705'
  └
  GET http://localhost:3000/users [errored]
     socket hang up
  6. Status is 200
  ┌
  │ 'Error parsing JSON response for Get All Users:', { type: 'Error', na
  │ me: 'JSONError', message: '"undefined" is not valid JSON' }
  └
  √  Response is valid JSON

└ GET User By ID
  ┌
  │ 'Current randomInt: 3248137'
  └
  √  Skipped - No user_id environment variable set.
  GET http://localhost:3000/users/{{user_id}} [errored]
     socket hang up
  8. Status is 200
  ┌
  │ 'Error parsing JSON response or validating user ID:', { type: 'Error',
  │ 7mname: 'JSONError', message: '"undefined" is not valid JSON' }
  └
  √  Response is valid JSON and ID is validated

Iteration 2/50

└ Create User
  ┌
  │ 'Current randomInt: 9294546'
  └
  POST http://localhost:3000/users/create [errored]
     socket hang up
 10. Status is 201 or 200 for user creation
  ┌
  │ 'Error parsing JSON response or extracting user_id:', { type: 'Error',
  │ 7mname: 'JSONError', message: '"undefined" is not valid JSON' }
  └
  √  Response is valid JSON and ID is captured

└ POST User Login
  ┌
  │ 'Current randomInt: 8773569'
  └
  POST http://localhost:3000/users/login [errored]
     socket hang up
 12. Status is 400 for login failure
  ┌
  │ 'Error parsing JSON response for login failure test:', { type: 'Error',
  │ 37mname: 'JSONError', message: '"undefined" is not valid JSON' }
  └
  √  Login failure response is valid JSON

└ GET All Users
  ┌
  │ 'Current randomInt: 7863347'
  └
  GET http://localhost:3000/users [errored]
     socket hang up
 14. Status is 200
  ┌
  │ 'Error parsing JSON response for Get All Users:', { type: 'Error', na
  │ me: 'JSONError', message: '"undefined" is not valid JSON' }
  └
  √  Response is valid JSON

└ GET User By ID
  ┌
  │ 'Current randomInt: 3062899'
  └
  √  Skipped - No user_id environment variable set.
  GET http://localhost:3000/users/{{user_id}} [errored]
     socket hang up
 16. Status is 200
  ┌
  │ 'Error parsing JSON response or validating user ID:', { type: 'Error',
  │ 7mname: 'JSONError', message: '"undefined" is not valid JSON' }
  └
  √  Response is valid JSON and ID is validated

Iteration 3/50

└ Create User
  ┌
  │ 'Current randomInt: 4424761'
  └
  POST http://localhost:3000/users/create [errored]
     socket hang up
 18. Status is 201 or 200 for user creation
  ┌
  │ 'Error parsing JSON response or extracting user_id:', { type: 'Error',
  │ 7mname: 'JSONError', message: '"undefined" is not valid JSON' }
  └
  √  Response is valid JSON and ID is captured

└ POST User Login
  ┌
  │ 'Current randomInt: 4833014'
  └
  POST http://localhost:3000/users/login [errored]
     socket hang up
 20. Status is 400 for login failure
  ┌
  │ 'Error parsing JSON response for login failure test:', { type: 'Error',
  │ 37mname: 'JSONError', message: '"undefined" is not valid JSON' }
  └
  √  Login failure response is valid JSON

└ GET All Users
  ┌
  │ 'Current randomInt: 4863798'
  └
  GET http://localhost:3000/users [errored]
     socket hang up
 22. Status is 200
  ┌
  │ 'Error parsing JSON response for Get All Users:', { type: 'Error', na
  │ me: 'JSONError', message: '"undefined" is not valid JSON' }
  └
  √  Response is valid JSON

└ GET User By ID
  ┌
  │ 'Current randomInt: 4615679'
  └
  √  Skipped - No user_id environment variable set.
  GET http://localhost:3000/users/{{user_id}} [errored]
     socket hang up
 24. Status is 200
  ┌
  │ 'Error parsing JSON response or validating user ID:', { type: 'Error',
  │ 7mname: 'JSONError', message: '"undefined" is not valid JSON' }
  └
  √  Response is valid JSON and ID is validated

Iteration 4/50

└ Create User
  ┌
  │ 'Current randomInt: 3837455'
  └
  POST http://localhost:3000/users/create [errored]
     socket hang up
 26. Status is 201 or 200 for user creation
  ┌
  │ 'Error parsing JSON response or extracting user_id:', { type: 'Error',
  │ 7mname: 'JSONError', message: '"undefined" is not valid JSON' }
  └
  √  Response is valid JSON and ID is captured

└ POST User Login
  ┌
  │ 'Current randomInt: 4331032'
  └
  POST http://localhost:3000/users/login [errored]
     socket hang up
 28. Status is 400 for login failure
  ┌
  │ 'Error parsing JSON response for login failure test:', { type: 'Error',
  │ 37mname: 'JSONError', message: '"undefined" is not valid JSON' }
  └
  √  Login failure response is valid JSON

└ GET All Users
  ┌
  │ 'Current randomInt: 523439'
  └
  GET http://localhost:3000/users [errored]
     socket hang up
 30. Status is 200
  ┌
  │ 'Error parsing JSON response for Get All Users:', { type: 'Error', na
  │ me: 'JSONError', message: '"undefined" is not valid JSON' }
  └
  √  Response is valid JSON

└ GET User By ID
  ┌
  │ 'Current randomInt: 6152891'
  └
  √  Skipped - No user_id environment variable set.
  GET http://localhost:3000/users/{{user_id}} [errored]
     socket hang up
 32. Status is 200
  ┌
  │ 'Error parsing JSON response or validating user ID:', { type: 'Error',
  │ 7mname: 'JSONError', message: '"undefined" is not valid JSON' }
  └
  √  Response is valid JSON and ID is validated

Iteration 5/50

└ Create User
  ┌
  │ 'Current randomInt: 1724062'
  └
  POST http://localhost:3000/users/create [errored]
     socket hang up
 34. Status is 201 or 200 for user creation
  ┌
  │ 'Error parsing JSON response or extracting user_id:', { type: 'Error',
  │ 7mname: 'JSONError', message: '"undefined" is not valid JSON' }
  └
  √  Response is valid JSON and ID is captured

└ POST User Login
  ┌
  │ 'Current randomInt: 9427960'
  └
  POST http://localhost:3000/users/login [errored]
     socket hang up
 36. Status is 400 for login failure
  ┌
  │ 'Error parsing JSON response for login failure test:', { type: 'Error',
  │ 37mname: 'JSONError', message: '"undefined" is not valid JSON' }
  └
  √  Login failure response is valid JSON

└ GET All Users
  ┌
  │ 'Current randomInt: 9110164'
  └
  GET http://localhost:3000/users [errored]
     socket hang up
 38. Status is 200
  ┌
  │ 'Error parsing JSON response for Get All Users:', { type: 'Error', na
  │ me: 'JSONError', message: '"undefined" is not valid JSON' }
  └
  √  Response is valid JSON

└ GET User By ID
  ┌
  │ 'Current randomInt: 5034729'
  └
  √  Skipped - No user_id environment variable set.
  GET http://localhost:3000/users/{{user_id}} [errored]
     socket hang up
 40. Status is 200
  ┌
  │ 'Error parsing JSON response or validating user ID:', { type: 'Error',
  │ 7mname: 'JSONError', message: '"undefined" is not valid JSON' }
  └
  √  Response is valid JSON and ID is validated

Iteration 6/50

└ Create User
  ┌
  │ 'Current randomInt: 4008252'
  └
  POST http://localhost:3000/users/create [errored]
     socket hang up
 42. Status is 201 or 200 for user creation
  ┌
  │ 'Error parsing JSON response or extracting user_id:', { type: 'Error',
  │ 7mname: 'JSONError', message: '"undefined" is not valid JSON' }
  └
  √  Response is valid JSON and ID is captured

└ POST User Login
  ┌
  │ 'Current randomInt: 1239574'
  └
  POST http://localhost:3000/users/login [errored]
     socket hang up
 44. Status is 400 for login failure
  ┌
  │ 'Error parsing JSON response for login failure test:', { type: 'Error',
  │ 37mname: 'JSONError', message: '"undefined" is not valid JSON' }
  └
  √  Login failure response is valid JSON

└ GET All Users
  ┌
  │ 'Current randomInt: 1572167'
  └
  GET http://localhost:3000/users [errored]
     socket hang up
 46. Status is 200
  ┌
  │ 'Error parsing JSON response for Get All Users:', { type: 'Error', na
  │ me: 'JSONError', message: '"undefined" is not valid JSON' }
  └
  √  Response is valid JSON

└ GET User By ID
  ┌
  │ 'Current randomInt: 8365973'
  └
  √  Skipped - No user_id environment variable set.
  GET http://localhost:3000/users/{{user_id}} [errored]
     socket hang up
 48. Status is 200
  ┌
  │ 'Error parsing JSON response or validating user ID:', { type: 'Error',
  │ 7mname: 'JSONError', message: '"undefined" is not valid JSON' }
  └
  √  Response is valid JSON and ID is validated

Iteration 7/50

└ Create User
  ┌
  │ 'Current randomInt: 6323205'
  └
  POST http://localhost:3000/users/create [errored]
     socket hang up
 50. Status is 201 or 200 for user creation
  ┌
  │ 'Error parsing JSON response or extracting user_id:', { type: 'Error',
  │ 7mname: 'JSONError', message: '"undefined" is not valid JSON' }
  └
  √  Response is valid JSON and ID is captured

└ POST User Login
  ┌
  │ 'Current randomInt: 6826716'
  └
  POST http://localhost:3000/users/login [errored]
     socket hang up
 52. Status is 400 for login failure
  ┌
  │ 'Error parsing JSON response for login failure test:', { type: 'Error',
  │ 37mname: 'JSONError', message: '"undefined" is not valid JSON' }
  └
  √  Login failure response is valid JSON

└ GET All Users
  ┌
  │ 'Current randomInt: 9990313'
  └
  GET http://localhost:3000/users [errored]
     socket hang up
 54. Status is 200
  ┌
  │ 'Error parsing JSON response for Get All Users:', { type: 'Error', na
  │ me: 'JSONError', message: '"undefined" is not valid JSON' }
  └
  √  Response is valid JSON

└ GET User By ID
  ┌
  │ 'Current randomInt: 127709'
  └
  √  Skipped - No user_id environment variable set.
  GET http://localhost:3000/users/{{user_id}} [errored]
     socket hang up
 56. Status is 200
  ┌
  │ 'Error parsing JSON response or validating user ID:', { type: 'Error',
  │ 7mname: 'JSONError', message: '"undefined" is not valid JSON' }
  └
  √  Response is valid JSON and ID is validated

Iteration 8/50

└ Create User
  ┌
  │ 'Current randomInt: 9057489'
  └
  POST http://localhost:3000/users/create [errored]
     socket hang up
 58. Status is 201 or 200 for user creation
  ┌
  │ 'Error parsing JSON response or extracting user_id:', { type: 'Error',
  │ 7mname: 'JSONError', message: '"undefined" is not valid JSON' }
  └
  √  Response is valid JSON and ID is captured

└ POST User Login
  ┌
  │ 'Current randomInt: 2663627'
  └
  POST http://localhost:3000/users/login [errored]
     socket hang up
 60. Status is 400 for login failure
  ┌
  │ 'Error parsing JSON response for login failure test:', { type: 'Error',
  │ 37mname: 'JSONError', message: '"undefined" is not valid JSON' }
  └
  √  Login failure response is valid JSON

└ GET All Users
  ┌
  │ 'Current randomInt: 2581780'
  └
  GET http://localhost:3000/users [errored]
     socket hang up
 62. Status is 200
  ┌
  │ 'Error parsing JSON response for Get All Users:', { type: 'Error', na
  │ me: 'JSONError', message: '"undefined" is not valid JSON' }
  └
  √  Response is valid JSON

└ GET User By ID
  ┌
  │ 'Current randomInt: 6198620'
  └
  √  Skipped - No user_id environment variable set.
  GET http://localhost:3000/users/{{user_id}} [errored]
     socket hang up
 64. Status is 200
  ┌
  │ 'Error parsing JSON response or validating user ID:', { type: 'Error',
  │ 7mname: 'JSONError', message: '"undefined" is not valid JSON' }
  └
  √  Response is valid JSON and ID is validated

Iteration 9/50

└ Create User
  ┌
  │ 'Current randomInt: 7239846'
  └
  POST http://localhost:3000/users/create [errored]
     socket hang up
 66. Status is 201 or 200 for user creation
  ┌
  │ 'Error parsing JSON response or extracting user_id:', { type: 'Error',
  │ 7mname: 'JSONError', message: '"undefined" is not valid JSON' }
  └
  √  Response is valid JSON and ID is captured

└ POST User Login
  ┌
  │ 'Current randomInt: 7896577'
  └
  POST http://localhost:3000/users/login [errored]
     socket hang up
 68. Status is 400 for login failure
  ┌
  │ 'Error parsing JSON response for login failure test:', { type: 'Error',
  │ 37mname: 'JSONError', message: '"undefined" is not valid JSON' }
  └
  √  Login failure response is valid JSON

└ GET All Users
  ┌
  │ 'Current randomInt: 2962773'
  └
  GET http://localhost:3000/users [errored]
     socket hang up
 70. Status is 200
  ┌
  │ 'Error parsing JSON response for Get All Users:', { type: 'Error', na
  │ me: 'JSONError', message: '"undefined" is not valid JSON' }
  └
  √  Response is valid JSON

└ GET User By ID
  ┌
  │ 'Current randomInt: 9642338'
  └
  √  Skipped - No user_id environment variable set.
  GET http://localhost:3000/users/{{user_id}} [errored]
     socket hang up
 72. Status is 200
  ┌
  │ 'Error parsing JSON response or validating user ID:', { type: 'Error',
  │ 7mname: 'JSONError', message: '"undefined" is not valid JSON' }
  └
  √  Response is valid JSON and ID is validated

Iteration 10/50

└ Create User
  ┌
  │ 'Current randomInt: 3045271'
  └
  POST http://localhost:3000/users/create [errored]
     socket hang up
 74. Status is 201 or 200 for user creation
  ┌
  │ 'Error parsing JSON response or extracting user_id:', { type: 'Error',
  │ 7mname: 'JSONError', message: '"undefined" is not valid JSON' }
  └
  √  Response is valid JSON and ID is captured

└ POST User Login
  ┌
  │ 'Current randomInt: 6669133'
  └
  POST http://localhost:3000/users/login [errored]
     socket hang up
 76. Status is 400 for login failure
  ┌
  │ 'Error parsing JSON response for login failure test:', { type: 'Error',
  │ 37mname: 'JSONError', message: '"undefined" is not valid JSON' }
  └
  √  Login failure response is valid JSON

└ GET All Users
  ┌
  │ 'Current randomInt: 1702757'
  └
  GET http://localhost:3000/users [errored]
     socket hang up
 78. Status is 200
  ┌
  │ 'Error parsing JSON response for Get All Users:', { type: 'Error', na
  │ me: 'JSONError', message: '"undefined" is not valid JSON' }
  └
  √  Response is valid JSON

└ GET User By ID
  ┌
  │ 'Current randomInt: 9340104'
  └
  √  Skipped - No user_id environment variable set.
  GET http://localhost:3000/users/{{user_id}} [errored]
     socket hang up
 80. Status is 200
  ┌
  │ 'Error parsing JSON response or validating user ID:', { type: 'Error',
  │ 7mname: 'JSONError', message: '"undefined" is not valid JSON' }
  └
  √  Response is valid JSON and ID is validated

Iteration 11/50

└ Create User
  ┌
  │ 'Current randomInt: 8401263'
  └
  POST http://localhost:3000/users/create [errored]
     socket hang up
 82. Status is 201 or 200 for user creation
  ┌
  │ 'Error parsing JSON response or extracting user_id:', { type: 'Error',
  │ 7mname: 'JSONError', message: '"undefined" is not valid JSON' }
  └
  √  Response is valid JSON and ID is captured

└ POST User Login
  ┌
  │ 'Current randomInt: 3195266'
  └
  POST http://localhost:3000/users/login [errored]
     socket hang up
 84. Status is 400 for login failure
  ┌
  │ 'Error parsing JSON response for login failure test:', { type: 'Error',
  │ 37mname: 'JSONError', message: '"undefined" is not valid JSON' }
  └
  √  Login failure response is valid JSON

└ GET All Users
  ┌
  │ 'Current randomInt: 7054047'
  └
  GET http://localhost:3000/users [errored]
     socket hang up
 86. Status is 200
  ┌
  │ 'Error parsing JSON response for Get All Users:', { type: 'Error', na
  │ me: 'JSONError', message: '"undefined" is not valid JSON' }
  └
  √  Response is valid JSON

└ GET User By ID
  ┌
  │ 'Current randomInt: 5856773'
  └
  √  Skipped - No user_id environment variable set.
  GET http://localhost:3000/users/{{user_id}} [errored]
     socket hang up
 88. Status is 200
  ┌
  │ 'Error parsing JSON response or validating user ID:', { type: 'Error',
  │ 7mname: 'JSONError', message: '"undefined" is not valid JSON' }
  └
  √  Response is valid JSON and ID is validated

Iteration 12/50

└ Create User
  ┌
  │ 'Current randomInt: 281968'
  └
  POST http://localhost:3000/users/create [errored]
     socket hang up
 90. Status is 201 or 200 for user creation
  ┌
  │ 'Error parsing JSON response or extracting user_id:', { type: 'Error',
  │ 7mname: 'JSONError', message: '"undefined" is not valid JSON' }
  └
  √  Response is valid JSON and ID is captured

└ POST User Login
  ┌
  │ 'Current randomInt: 1224521'
  └
  POST http://localhost:3000/users/login [errored]
     socket hang up
 92. Status is 400 for login failure
  ┌
  │ 'Error parsing JSON response for login failure test:', { type: 'Error',
  │ 37mname: 'JSONError', message: '"undefined" is not valid JSON' }
  └
  √  Login failure response is valid JSON

└ GET All Users
  ┌
  │ 'Current randomInt: 2598889'
  └
  GET http://localhost:3000/users [errored]
     socket hang up
 94. Status is 200
  ┌
  │ 'Error parsing JSON response for Get All Users:', { type: 'Error', na
  │ me: 'JSONError', message: '"undefined" is not valid JSON' }
  └
  √  Response is valid JSON

└ GET User By ID
  ┌
  │ 'Current randomInt: 2831488'
  └
  √  Skipped - No user_id environment variable set.
  GET http://localhost:3000/users/{{user_id}} [errored]
     socket hang up
 96. Status is 200
  ┌
  │ 'Error parsing JSON response or validating user ID:', { type: 'Error',
  │ 7mname: 'JSONError', message: '"undefined" is not valid JSON' }
  └
  √  Response is valid JSON and ID is validated

Iteration 13/50

└ Create User
  ┌
  │ 'Current randomInt: 2504182'
  └
  POST http://localhost:3000/users/create [errored]
     socket hang up
 98. Status is 201 or 200 for user creation
  ┌
  │ 'Error parsing JSON response or extracting user_id:', { type: 'Error',
  │ 7mname: 'JSONError', message: '"undefined" is not valid JSON' }
  └
  √  Response is valid JSON and ID is captured

└ POST User Login
  ┌
  │ 'Current randomInt: 1355990'
  └
  POST http://localhost:3000/users/login [errored]
     socket hang up
100. Status is 400 for login failure
  ┌
  │ 'Error parsing JSON response for login failure test:', { type: 'Error',
  │ 37mname: 'JSONError', message: '"undefined" is not valid JSON' }
  └
  √  Login failure response is valid JSON

└ GET All Users
  ┌
  │ 'Current randomInt: 3063992'
  └
  GET http://localhost:3000/users [errored]
     socket hang up
102. Status is 200
  ┌
  │ 'Error parsing JSON response for Get All Users:', { type: 'Error', na
  │ me: 'JSONError', message: '"undefined" is not valid JSON' }
  └
  √  Response is valid JSON

└ GET User By ID
  ┌
  │ 'Current randomInt: 3781929'
  └
  √  Skipped - No user_id environment variable set.
  GET http://localhost:3000/users/{{user_id}} [errored]
     socket hang up
104. Status is 200
  ┌
  │ 'Error parsing JSON response or validating user ID:', { type: 'Error',
  │ 7mname: 'JSONError', message: '"undefined" is not valid JSON' }
  └
  √  Response is valid JSON and ID is validated

Iteration 14/50

└ Create User
  ┌
  │ 'Current randomInt: 8542744'
  └
  POST http://localhost:3000/users/create [errored]
     socket hang up
106. Status is 201 or 200 for user creation
  ┌
  │ 'Error parsing JSON response or extracting user_id:', { type: 'Error',
  │ 7mname: 'JSONError', message: '"undefined" is not valid JSON' }
  └
  √  Response is valid JSON and ID is captured

└ POST User Login
  ┌
  │ 'Current randomInt: 5763696'
  └
  POST http://localhost:3000/users/login [errored]
     socket hang up
108. Status is 400 for login failure
  ┌
  │ 'Error parsing JSON response for login failure test:', { type: 'Error',
  │ 37mname: 'JSONError', message: '"undefined" is not valid JSON' }
  └
  √  Login failure response is valid JSON

└ GET All Users
  ┌
  │ 'Current randomInt: 4957535'
  └
  GET http://localhost:3000/users [errored]
     socket hang up
110. Status is 200
  ┌
  │ 'Error parsing JSON response for Get All Users:', { type: 'Error', na
  │ me: 'JSONError', message: '"undefined" is not valid JSON' }
  └
  √  Response is valid JSON

└ GET User By ID
  ┌
  │ 'Current randomInt: 1314771'
  └
  √  Skipped - No user_id environment variable set.
  GET http://localhost:3000/users/{{user_id}} [errored]
     socket hang up
112. Status is 200
  ┌
  │ 'Error parsing JSON response or validating user ID:', { type: 'Error',
  │ 7mname: 'JSONError', message: '"undefined" is not valid JSON' }
  └
  √  Response is valid JSON and ID is validated

Iteration 15/50

└ Create User
  ┌
  │ 'Current randomInt: 7399594'
  └
  POST http://localhost:3000/users/create [errored]
     socket hang up
114. Status is 201 or 200 for user creation
  ┌
  │ 'Error parsing JSON response or extracting user_id:', { type: 'Error',
  │ 7mname: 'JSONError', message: '"undefined" is not valid JSON' }
  └
  √  Response is valid JSON and ID is captured

└ POST User Login
  ┌
  │ 'Current randomInt: 6940806'
  └
  POST http://localhost:3000/users/login [errored]
     socket hang up
116. Status is 400 for login failure
  ┌
  │ 'Error parsing JSON response for login failure test:', { type: 'Error',
  │ 37mname: 'JSONError', message: '"undefined" is not valid JSON' }
  └
  √  Login failure response is valid JSON

└ GET All Users
  ┌
  │ 'Current randomInt: 5990214'
  └
  GET http://localhost:3000/users [errored]
     socket hang up
118. Status is 200
  ┌
  │ 'Error parsing JSON response for Get All Users:', { type: 'Error', na
  │ me: 'JSONError', message: '"undefined" is not valid JSON' }
  └
  √  Response is valid JSON

└ GET User By ID
  ┌
  │ 'Current randomInt: 4856190'
  └
  √  Skipped - No user_id environment variable set.
  GET http://localhost:3000/users/{{user_id}} [errored]
     socket hang up
120. Status is 200
  ┌
  │ 'Error parsing JSON response or validating user ID:', { type: 'Error',
  │ 7mname: 'JSONError', message: '"undefined" is not valid JSON' }
  └
  √  Response is valid JSON and ID is validated

Iteration 16/50

└ Create User
  ┌
  │ 'Current randomInt: 3195495'
  └
  POST http://localhost:3000/users/create [errored]
     socket hang up
122. Status is 201 or 200 for user creation
  ┌
  │ 'Error parsing JSON response or extracting user_id:', { type: 'Error',
  │ 7mname: 'JSONError', message: '"undefined" is not valid JSON' }
  └
  √  Response is valid JSON and ID is captured

└ POST User Login
  ┌
  │ 'Current randomInt: 6708845'
  └
  POST http://localhost:3000/users/login [errored]
     socket hang up
124. Status is 400 for login failure
  ┌
  │ 'Error parsing JSON response for login failure test:', { type: 'Error',
  │ 37mname: 'JSONError', message: '"undefined" is not valid JSON' }
  └
  √  Login failure response is valid JSON

└ GET All Users
  ┌
  │ 'Current randomInt: 3511740'
  └
  GET http://localhost:3000/users [errored]
     socket hang up
126. Status is 200
  ┌
  │ 'Error parsing JSON response for Get All Users:', { type: 'Error', na
  │ me: 'JSONError', message: '"undefined" is not valid JSON' }
  └
  √  Response is valid JSON

└ GET User By ID
  ┌
  │ 'Current randomInt: 1045448'
  └
  √  Skipped - No user_id environment variable set.
  GET http://localhost:3000/users/{{user_id}} [errored]
     socket hang up
128. Status is 200
  ┌
  │ 'Error parsing JSON response or validating user ID:', { type: 'Error',
  │ 7mname: 'JSONError', message: '"undefined" is not valid JSON' }
  └
  √  Response is valid JSON and ID is validated

Iteration 17/50

└ Create User
  ┌
  │ 'Current randomInt: 9717432'
  └
  POST http://localhost:3000/users/create [errored]
     socket hang up
130. Status is 201 or 200 for user creation
  ┌
  │ 'Error parsing JSON response or extracting user_id:', { type: 'Error',
  │ 7mname: 'JSONError', message: '"undefined" is not valid JSON' }
  └
  √  Response is valid JSON and ID is captured

└ POST User Login
  ┌
  │ 'Current randomInt: 1412617'
  └
  POST http://localhost:3000/users/login [errored]
     socket hang up
132. Status is 400 for login failure
  ┌
  │ 'Error parsing JSON response for login failure test:', { type: 'Error',
  │ 37mname: 'JSONError', message: '"undefined" is not valid JSON' }
  └
  √  Login failure response is valid JSON

└ GET All Users
  ┌
  │ 'Current randomInt: 3638735'
  └
  GET http://localhost:3000/users [errored]
     socket hang up
134. Status is 200
  ┌
  │ 'Error parsing JSON response for Get All Users:', { type: 'Error', na
  │ me: 'JSONError', message: '"undefined" is not valid JSON' }
  └
  √  Response is valid JSON

└ GET User By ID
  ┌
  │ 'Current randomInt: 2762456'
  └
  √  Skipped - No user_id environment variable set.
  GET http://localhost:3000/users/{{user_id}} [errored]
     socket hang up
136. Status is 200
  ┌
  │ 'Error parsing JSON response or validating user ID:', { type: 'Error',
  │ 7mname: 'JSONError', message: '"undefined" is not valid JSON' }
  └
  √  Response is valid JSON and ID is validated

Iteration 18/50

└ Create User
  ┌
  │ 'Current randomInt: 5132588'
  └
  POST http://localhost:3000/users/create [errored]
     socket hang up
138. Status is 201 or 200 for user creation
  ┌
  │ 'Error parsing JSON response or extracting user_id:', { type: 'Error',
  │ 7mname: 'JSONError', message: '"undefined" is not valid JSON' }
  └
  √  Response is valid JSON and ID is captured

└ POST User Login
  ┌
  │ 'Current randomInt: 423197'
  └
  POST http://localhost:3000/users/login [errored]
     socket hang up
140. Status is 400 for login failure
  ┌
  │ 'Error parsing JSON response for login failure test:', { type: 'Error',
  │ 37mname: 'JSONError', message: '"undefined" is not valid JSON' }
  └
  √  Login failure response is valid JSON

└ GET All Users
  ┌
  │ 'Current randomInt: 6257566'
  └
  GET http://localhost:3000/users [errored]
     socket hang up
142. Status is 200
  ┌
  │ 'Error parsing JSON response for Get All Users:', { type: 'Error', na
  │ me: 'JSONError', message: '"undefined" is not valid JSON' }
  └
  √  Response is valid JSON

└ GET User By ID
  ┌
  │ 'Current randomInt: 1386090'
  └
  √  Skipped - No user_id environment variable set.
  GET http://localhost:3000/users/{{user_id}} [errored]
     socket hang up
144. Status is 200
  ┌
  │ 'Error parsing JSON response or validating user ID:', { type: 'Error',
  │ 7mname: 'JSONError', message: '"undefined" is not valid JSON' }
  └
  √  Response is valid JSON and ID is validated

Iteration 19/50

└ Create User
  ┌
  │ 'Current randomInt: 3327593'
  └
  POST http://localhost:3000/users/create [errored]
     socket hang up
146. Status is 201 or 200 for user creation
  ┌
  │ 'Error parsing JSON response or extracting user_id:', { type: 'Error',
  │ 7mname: 'JSONError', message: '"undefined" is not valid JSON' }
  └
  √  Response is valid JSON and ID is captured

└ POST User Login
  ┌
  │ 'Current randomInt: 1524223'
  └
  POST http://localhost:3000/users/login [errored]
     socket hang up
148. Status is 400 for login failure
  ┌
  │ 'Error parsing JSON response for login failure test:', { type: 'Error',
  │ 37mname: 'JSONError', message: '"undefined" is not valid JSON' }
  └
  √  Login failure response is valid JSON

└ GET All Users
  ┌
  │ 'Current randomInt: 6830340'
  └
  GET http://localhost:3000/users [errored]
     socket hang up
150. Status is 200
  ┌
  │ 'Error parsing JSON response for Get All Users:', { type: 'Error', na
  │ me: 'JSONError', message: '"undefined" is not valid JSON' }
  └
  √  Response is valid JSON

└ GET User By ID
  ┌
  │ 'Current randomInt: 6663231'
  └
  √  Skipped - No user_id environment variable set.
  GET http://localhost:3000/users/{{user_id}} [errored]
     socket hang up
152. Status is 200
  ┌
  │ 'Error parsing JSON response or validating user ID:', { type: 'Error',
  │ 7mname: 'JSONError', message: '"undefined" is not valid JSON' }
  └
  √  Response is valid JSON and ID is validated

Iteration 20/50

└ Create User
  ┌
  │ 'Current randomInt: 4900530'
  └
  POST http://localhost:3000/users/create [errored]
     socket hang up
154. Status is 201 or 200 for user creation
  ┌
  │ 'Error parsing JSON response or extracting user_id:', { type: 'Error',
  │ 7mname: 'JSONError', message: '"undefined" is not valid JSON' }
  └
  √  Response is valid JSON and ID is captured

└ POST User Login
  ┌
  │ 'Current randomInt: 646904'
  └
  POST http://localhost:3000/users/login [errored]
     socket hang up
156. Status is 400 for login failure
  ┌
  │ 'Error parsing JSON response for login failure test:', { type: 'Error',
  │ 37mname: 'JSONError', message: '"undefined" is not valid JSON' }
  └
  √  Login failure response is valid JSON

└ GET All Users
  ┌
  │ 'Current randomInt: 2927310'
  └
  GET http://localhost:3000/users [errored]
     socket hang up
158. Status is 200
  ┌
  │ 'Error parsing JSON response for Get All Users:', { type: 'Error', na
  │ me: 'JSONError', message: '"undefined" is not valid JSON' }
  └
  √  Response is valid JSON

└ GET User By ID
  ┌
  │ 'Current randomInt: 9397645'
  └
  √  Skipped - No user_id environment variable set.
  GET http://localhost:3000/users/{{user_id}} [errored]
     socket hang up
160. Status is 200
  ┌
  │ 'Error parsing JSON response or validating user ID:', { type: 'Error',
  │ 7mname: 'JSONError', message: '"undefined" is not valid JSON' }
  └
  √  Response is valid JSON and ID is validated

Iteration 21/50

└ Create User
  ┌
  │ 'Current randomInt: 7532936'
  └
  POST http://localhost:3000/users/create [errored]
     socket hang up
162. Status is 201 or 200 for user creation
  ┌
  │ 'Error parsing JSON response or extracting user_id:', { type: 'Error',
  │ 7mname: 'JSONError', message: '"undefined" is not valid JSON' }
  └
  √  Response is valid JSON and ID is captured

└ POST User Login
  ┌
  │ 'Current randomInt: 543379'
  └
  POST http://localhost:3000/users/login [errored]
     socket hang up
164. Status is 400 for login failure
  ┌
  │ 'Error parsing JSON response for login failure test:', { type: 'Error',
  │ 37mname: 'JSONError', message: '"undefined" is not valid JSON' }
  └
  √  Login failure response is valid JSON

└ GET All Users
  ┌
  │ 'Current randomInt: 7519267'
  └
  GET http://localhost:3000/users [errored]
     socket hang up
166. Status is 200
  ┌
  │ 'Error parsing JSON response for Get All Users:', { type: 'Error', na
  │ me: 'JSONError', message: '"undefined" is not valid JSON' }
  └
  √  Response is valid JSON

└ GET User By ID
  ┌
  │ 'Current randomInt: 8803981'
  └
  √  Skipped - No user_id environment variable set.
  GET http://localhost:3000/users/{{user_id}} [errored]
     socket hang up
168. Status is 200
  ┌
  │ 'Error parsing JSON response or validating user ID:', { type: 'Error',
  │ 7mname: 'JSONError', message: '"undefined" is not valid JSON' }
  └
  √  Response is valid JSON and ID is validated

Iteration 22/50

└ Create User
  ┌
  │ 'Current randomInt: 4024877'
  └
  POST http://localhost:3000/users/create [errored]
     socket hang up
170. Status is 201 or 200 for user creation
  ┌
  │ 'Error parsing JSON response or extracting user_id:', { type: 'Error',
  │ 7mname: 'JSONError', message: '"undefined" is not valid JSON' }
  └
  √  Response is valid JSON and ID is captured

└ POST User Login
  ┌
  │ 'Current randomInt: 2735826'
  └
  POST http://localhost:3000/users/login [errored]
     socket hang up
172. Status is 400 for login failure
  ┌
  │ 'Error parsing JSON response for login failure test:', { type: 'Error',
  │ 37mname: 'JSONError', message: '"undefined" is not valid JSON' }
  └
  √  Login failure response is valid JSON

└ GET All Users
  ┌
  │ 'Current randomInt: 9866376'
  └
  GET http://localhost:3000/users [errored]
     socket hang up
174. Status is 200
  ┌
  │ 'Error parsing JSON response for Get All Users:', { type: 'Error', na
  │ me: 'JSONError', message: '"undefined" is not valid JSON' }
  └
  √  Response is valid JSON

└ GET User By ID
  ┌
  │ 'Current randomInt: 5110067'
  └
  √  Skipped - No user_id environment variable set.
  GET http://localhost:3000/users/{{user_id}} [errored]
     socket hang up
176. Status is 200
  ┌
  │ 'Error parsing JSON response or validating user ID:', { type: 'Error',
  │ 7mname: 'JSONError', message: '"undefined" is not valid JSON' }
  └
  √  Response is valid JSON and ID is validated

Iteration 23/50

└ Create User
  ┌
  │ 'Current randomInt: 2324848'
  └
  POST http://localhost:3000/users/create [errored]
     socket hang up
178. Status is 201 or 200 for user creation
  ┌
  │ 'Error parsing JSON response or extracting user_id:', { type: 'Error',
  │ 7mname: 'JSONError', message: '"undefined" is not valid JSON' }
  └
  √  Response is valid JSON and ID is captured

└ POST User Login
  ┌
  │ 'Current randomInt: 6560365'
  └
  POST http://localhost:3000/users/login [errored]
     socket hang up
180. Status is 400 for login failure
  ┌
  │ 'Error parsing JSON response for login failure test:', { type: 'Error',
  │ 37mname: 'JSONError', message: '"undefined" is not valid JSON' }
  └
  √  Login failure response is valid JSON

└ GET All Users
  ┌
  │ 'Current randomInt: 7869029'
  └
  GET http://localhost:3000/users [errored]
     socket hang up
182. Status is 200
  ┌
  │ 'Error parsing JSON response for Get All Users:', { type: 'Error', na
  │ me: 'JSONError', message: '"undefined" is not valid JSON' }
  └
  √  Response is valid JSON

└ GET User By ID
  ┌
  │ 'Current randomInt: 3746793'
  └
  √  Skipped - No user_id environment variable set.
  GET http://localhost:3000/users/{{user_id}} [errored]
     socket hang up
184. Status is 200
  ┌
  │ 'Error parsing JSON response or validating user ID:', { type: 'Error',
  │ 7mname: 'JSONError', message: '"undefined" is not valid JSON' }
  └
  √  Response is valid JSON and ID is validated

Iteration 24/50

└ Create User
  ┌
  │ 'Current randomInt: 5534785'
  └
  POST http://localhost:3000/users/create [errored]
     socket hang up
186. Status is 201 or 200 for user creation
  ┌
  │ 'Error parsing JSON response or extracting user_id:', { type: 'Error',
  │ 7mname: 'JSONError', message: '"undefined" is not valid JSON' }
  └
  √  Response is valid JSON and ID is captured

└ POST User Login
  ┌
  │ 'Current randomInt: 997851'
  └
  POST http://localhost:3000/users/login [errored]
     socket hang up
188. Status is 400 for login failure
  ┌
  │ 'Error parsing JSON response for login failure test:', { type: 'Error',
  │ 37mname: 'JSONError', message: '"undefined" is not valid JSON' }
  └
  √  Login failure response is valid JSON

└ GET All Users
  ┌
  │ 'Current randomInt: 4330847'
  └
  GET http://localhost:3000/users [errored]
     socket hang up
190. Status is 200
  ┌
  │ 'Error parsing JSON response for Get All Users:', { type: 'Error', na
  │ me: 'JSONError', message: '"undefined" is not valid JSON' }
  └
  √  Response is valid JSON

└ GET User By ID
  ┌
  │ 'Current randomInt: 7736330'
  └
  √  Skipped - No user_id environment variable set.
  GET http://localhost:3000/users/{{user_id}} [errored]
     socket hang up
192. Status is 200
  ┌
  │ 'Error parsing JSON response or validating user ID:', { type: 'Error',
  │ 7mname: 'JSONError', message: '"undefined" is not valid JSON' }
  └
  √  Response is valid JSON and ID is validated

Iteration 25/50

└ Create User
  ┌
  │ 'Current randomInt: 1264221'
  └
  POST http://localhost:3000/users/create [errored]
     socket hang up
194. Status is 201 or 200 for user creation
  ┌
  │ 'Error parsing JSON response or extracting user_id:', { type: 'Error',
  │ 7mname: 'JSONError', message: '"undefined" is not valid JSON' }
  └
  √  Response is valid JSON and ID is captured

└ POST User Login
  ┌
  │ 'Current randomInt: 2450408'
  └
  POST http://localhost:3000/users/login [errored]
     socket hang up
196. Status is 400 for login failure
  ┌
  │ 'Error parsing JSON response for login failure test:', { type: 'Error',
  │ 37mname: 'JSONError', message: '"undefined" is not valid JSON' }
  └
  √  Login failure response is valid JSON

└ GET All Users
  ┌
  │ 'Current randomInt: 2113251'
  └
  GET http://localhost:3000/users [errored]
     socket hang up
198. Status is 200
  ┌
  │ 'Error parsing JSON response for Get All Users:', { type: 'Error', na
  │ me: 'JSONError', message: '"undefined" is not valid JSON' }
  └
  √  Response is valid JSON

└ GET User By ID
  ┌
  │ 'Current randomInt: 7911430'
  └
  √  Skipped - No user_id environment variable set.
  GET http://localhost:3000/users/{{user_id}} [errored]
     socket hang up
200. Status is 200
  ┌
  │ 'Error parsing JSON response or validating user ID:', { type: 'Error',
  │ 7mname: 'JSONError', message: '"undefined" is not valid JSON' }
  └
  √  Response is valid JSON and ID is validated

Iteration 26/50

└ Create User
  ┌
  │ 'Current randomInt: 2138350'
  └
  POST http://localhost:3000/users/create [errored]
     socket hang up
202. Status is 201 or 200 for user creation
  ┌
  │ 'Error parsing JSON response or extracting user_id:', { type: 'Error',
  │ 7mname: 'JSONError', message: '"undefined" is not valid JSON' }
  └
  √  Response is valid JSON and ID is captured

└ POST User Login
  ┌
  │ 'Current randomInt: 7557394'
  └
  POST http://localhost:3000/users/login [errored]
     socket hang up
204. Status is 400 for login failure
  ┌
  │ 'Error parsing JSON response for login failure test:', { type: 'Error',
  │ 37mname: 'JSONError', message: '"undefined" is not valid JSON' }
  └
  √  Login failure response is valid JSON

└ GET All Users
  ┌
  │ 'Current randomInt: 3908101'
  └
  GET http://localhost:3000/users [errored]
     socket hang up
206. Status is 200
  ┌
  │ 'Error parsing JSON response for Get All Users:', { type: 'Error', na
  │ me: 'JSONError', message: '"undefined" is not valid JSON' }
  └
  √  Response is valid JSON

└ GET User By ID
  ┌
  │ 'Current randomInt: 145846'
  └
  √  Skipped - No user_id environment variable set.
  GET http://localhost:3000/users/{{user_id}} [errored]
     socket hang up
208. Status is 200
  ┌
  │ 'Error parsing JSON response or validating user ID:', { type: 'Error',
  │ 7mname: 'JSONError', message: '"undefined" is not valid JSON' }
  └
  √  Response is valid JSON and ID is validated

Iteration 27/50

└ Create User
  ┌
  │ 'Current randomInt: 3095921'
  └
  POST http://localhost:3000/users/create [errored]
     socket hang up
210. Status is 201 or 200 for user creation
  ┌
  │ 'Error parsing JSON response or extracting user_id:', { type: 'Error',
  │ 7mname: 'JSONError', message: '"undefined" is not valid JSON' }
  └
  √  Response is valid JSON and ID is captured

└ POST User Login
  ┌
  │ 'Current randomInt: 1544250'
  └
  POST http://localhost:3000/users/login [errored]
     socket hang up
212. Status is 400 for login failure
  ┌
  │ 'Error parsing JSON response for login failure test:', { type: 'Error',
  │ 37mname: 'JSONError', message: '"undefined" is not valid JSON' }
  └
  √  Login failure response is valid JSON

└ GET All Users
  ┌
  │ 'Current randomInt: 771016'
  └
  GET http://localhost:3000/users [errored]
     socket hang up
214. Status is 200
  ┌
  │ 'Error parsing JSON response for Get All Users:', { type: 'Error', na
  │ me: 'JSONError', message: '"undefined" is not valid JSON' }
  └
  √  Response is valid JSON

└ GET User By ID
  ┌
  │ 'Current randomInt: 426494'
  └
  √  Skipped - No user_id environment variable set.
  GET http://localhost:3000/users/{{user_id}} [errored]
     socket hang up
216. Status is 200
  ┌
  │ 'Error parsing JSON response or validating user ID:', { type: 'Error',
  │ 7mname: 'JSONError', message: '"undefined" is not valid JSON' }
  └
  √  Response is valid JSON and ID is validated

Iteration 28/50

└ Create User
  ┌
  │ 'Current randomInt: 7207495'
  └
  POST http://localhost:3000/users/create [errored]
     socket hang up
218. Status is 201 or 200 for user creation
  ┌
  │ 'Error parsing JSON response or extracting user_id:', { type: 'Error',
  │ 7mname: 'JSONError', message: '"undefined" is not valid JSON' }
  └
  √  Response is valid JSON and ID is captured

└ POST User Login
  ┌
  │ 'Current randomInt: 9370341'
  └
  POST http://localhost:3000/users/login [errored]
     socket hang up
220. Status is 400 for login failure
  ┌
  │ 'Error parsing JSON response for login failure test:', { type: 'Error',
  │ 37mname: 'JSONError', message: '"undefined" is not valid JSON' }
  └
  √  Login failure response is valid JSON

└ GET All Users
  ┌
  │ 'Current randomInt: 4077751'
  └
  GET http://localhost:3000/users [errored]
     socket hang up
222. Status is 200
  ┌
  │ 'Error parsing JSON response for Get All Users:', { type: 'Error', na
  │ me: 'JSONError', message: '"undefined" is not valid JSON' }
  └
  √  Response is valid JSON

└ GET User By ID
  ┌
  │ 'Current randomInt: 8178665'
  └
  √  Skipped - No user_id environment variable set.
  GET http://localhost:3000/users/{{user_id}} [errored]
     socket hang up
224. Status is 200
  ┌
  │ 'Error parsing JSON response or validating user ID:', { type: 'Error',
  │ 7mname: 'JSONError', message: '"undefined" is not valid JSON' }
  └
  √  Response is valid JSON and ID is validated

Iteration 29/50

└ Create User
  ┌
  │ 'Current randomInt: 6094048'
  └
  POST http://localhost:3000/users/create [errored]
     socket hang up
226. Status is 201 or 200 for user creation
  ┌
  │ 'Error parsing JSON response or extracting user_id:', { type: 'Error',
  │ 7mname: 'JSONError', message: '"undefined" is not valid JSON' }
  └
  √  Response is valid JSON and ID is captured

└ POST User Login
  ┌
  │ 'Current randomInt: 2867129'
  └
  POST http://localhost:3000/users/login [errored]
     socket hang up
228. Status is 400 for login failure
  ┌
  │ 'Error parsing JSON response for login failure test:', { type: 'Error',
  │ 37mname: 'JSONError', message: '"undefined" is not valid JSON' }
  └
  √  Login failure response is valid JSON

└ GET All Users
  ┌
  │ 'Current randomInt: 7433684'
  └
  GET http://localhost:3000/users [errored]
     socket hang up
230. Status is 200
  ┌
  │ 'Error parsing JSON response for Get All Users:', { type: 'Error', na
  │ me: 'JSONError', message: '"undefined" is not valid JSON' }
  └
  √  Response is valid JSON

└ GET User By ID
  ┌
  │ 'Current randomInt: 4102659'
  └
  √  Skipped - No user_id environment variable set.
  GET http://localhost:3000/users/{{user_id}} [errored]
     socket hang up
232. Status is 200
  ┌
  │ 'Error parsing JSON response or validating user ID:', { type: 'Error',
  │ 7mname: 'JSONError', message: '"undefined" is not valid JSON' }
  └
  √  Response is valid JSON and ID is validated

Iteration 30/50

└ Create User
  ┌
  │ 'Current randomInt: 1034242'
  └
  POST http://localhost:3000/users/create [errored]
     socket hang up
234. Status is 201 or 200 for user creation
  ┌
  │ 'Error parsing JSON response or extracting user_id:', { type: 'Error',
  │ 7mname: 'JSONError', message: '"undefined" is not valid JSON' }
  └
  √  Response is valid JSON and ID is captured

└ POST User Login
  ┌
  │ 'Current randomInt: 2658674'
  └
  POST http://localhost:3000/users/login [errored]
     socket hang up
236. Status is 400 for login failure
  ┌
  │ 'Error parsing JSON response for login failure test:', { type: 'Error',
  │ 37mname: 'JSONError', message: '"undefined" is not valid JSON' }
  └
  √  Login failure response is valid JSON

└ GET All Users
  ┌
  │ 'Current randomInt: 1151602'
  └
  GET http://localhost:3000/users [errored]
     socket hang up
238. Status is 200
  ┌
  │ 'Error parsing JSON response for Get All Users:', { type: 'Error', na
  │ me: 'JSONError', message: '"undefined" is not valid JSON' }
  └
  √  Response is valid JSON

└ GET User By ID
  ┌
  │ 'Current randomInt: 9116199'
  └
  √  Skipped - No user_id environment variable set.
  GET http://localhost:3000/users/{{user_id}} [errored]
     socket hang up
240. Status is 200
  ┌
  │ 'Error parsing JSON response or validating user ID:', { type: 'Error',
  │ 7mname: 'JSONError', message: '"undefined" is not valid JSON' }
  └
  √  Response is valid JSON and ID is validated

Iteration 31/50

└ Create User
  ┌
  │ 'Current randomInt: 7385711'
  └
  POST http://localhost:3000/users/create [errored]
     socket hang up
242. Status is 201 or 200 for user creation
  ┌
  │ 'Error parsing JSON response or extracting user_id:', { type: 'Error',
  │ 7mname: 'JSONError', message: '"undefined" is not valid JSON' }
  └
  √  Response is valid JSON and ID is captured

└ POST User Login
  ┌
  │ 'Current randomInt: 1839337'
  └
  POST http://localhost:3000/users/login [errored]
     socket hang up
244. Status is 400 for login failure
  ┌
  │ 'Error parsing JSON response for login failure test:', { type: 'Error',
  │ 37mname: 'JSONError', message: '"undefined" is not valid JSON' }
  └
  √  Login failure response is valid JSON

└ GET All Users
  ┌
  │ 'Current randomInt: 4113787'
  └
  GET http://localhost:3000/users [errored]
     socket hang up
246. Status is 200
  ┌
  │ 'Error parsing JSON response for Get All Users:', { type: 'Error', na
  │ me: 'JSONError', message: '"undefined" is not valid JSON' }
  └
  √  Response is valid JSON

└ GET User By ID
  ┌
  │ 'Current randomInt: 5071535'
  └
  √  Skipped - No user_id environment variable set.
  GET http://localhost:3000/users/{{user_id}} [errored]
     socket hang up
248. Status is 200
  ┌
  │ 'Error parsing JSON response or validating user ID:', { type: 'Error',
  │ 7mname: 'JSONError', message: '"undefined" is not valid JSON' }
  └
  √  Response is valid JSON and ID is validated

Iteration 32/50

└ Create User
  ┌
  │ 'Current randomInt: 1629499'
  └
  POST http://localhost:3000/users/create [errored]
     socket hang up
250. Status is 201 or 200 for user creation
  ┌
  │ 'Error parsing JSON response or extracting user_id:', { type: 'Error',
  │ 7mname: 'JSONError', message: '"undefined" is not valid JSON' }
  └
  √  Response is valid JSON and ID is captured

└ POST User Login
  ┌
  │ 'Current randomInt: 8483079'
  └
  POST http://localhost:3000/users/login [errored]
     socket hang up
252. Status is 400 for login failure
  ┌
  │ 'Error parsing JSON response for login failure test:', { type: 'Error',
  │ 37mname: 'JSONError', message: '"undefined" is not valid JSON' }
  └
  √  Login failure response is valid JSON

└ GET All Users
  ┌
  │ 'Current randomInt: 8209568'
  └
  GET http://localhost:3000/users [errored]
     socket hang up
254. Status is 200
  ┌
  │ 'Error parsing JSON response for Get All Users:', { type: 'Error', na
  │ me: 'JSONError', message: '"undefined" is not valid JSON' }
  └
  √  Response is valid JSON

└ GET User By ID
  ┌
  │ 'Current randomInt: 6158058'
  └
  √  Skipped - No user_id environment variable set.
  GET http://localhost:3000/users/{{user_id}} [errored]
     socket hang up
256. Status is 200
  ┌
  │ 'Error parsing JSON response or validating user ID:', { type: 'Error',
  │ 7mname: 'JSONError', message: '"undefined" is not valid JSON' }
  └
  √  Response is valid JSON and ID is validated

Iteration 33/50

└ Create User
  ┌
  │ 'Current randomInt: 1343641'
  └
  POST http://localhost:3000/users/create [errored]
     socket hang up
258. Status is 201 or 200 for user creation
  ┌
  │ 'Error parsing JSON response or extracting user_id:', { type: 'Error',
  │ 7mname: 'JSONError', message: '"undefined" is not valid JSON' }
  └
  √  Response is valid JSON and ID is captured

└ POST User Login
  ┌
  │ 'Current randomInt: 5298196'
  └
  POST http://localhost:3000/users/login [errored]
     socket hang up
260. Status is 400 for login failure
  ┌
  │ 'Error parsing JSON response for login failure test:', { type: 'Error',
  │ 37mname: 'JSONError', message: '"undefined" is not valid JSON' }
  └
  √  Login failure response is valid JSON

└ GET All Users
  ┌
  │ 'Current randomInt: 2400785'
  └
  GET http://localhost:3000/users [errored]
     socket hang up
262. Status is 200
  ┌
  │ 'Error parsing JSON response for Get All Users:', { type: 'Error', na
  │ me: 'JSONError', message: '"undefined" is not valid JSON' }
  └
  √  Response is valid JSON

└ GET User By ID
  ┌
  │ 'Current randomInt: 145850'
  └
  √  Skipped - No user_id environment variable set.
  GET http://localhost:3000/users/{{user_id}} [errored]
     socket hang up
264. Status is 200
  ┌
  │ 'Error parsing JSON response or validating user ID:', { type: 'Error',
  │ 7mname: 'JSONError', message: '"undefined" is not valid JSON' }
  └
  √  Response is valid JSON and ID is validated

Iteration 34/50

└ Create User
  ┌
  │ 'Current randomInt: 1154217'
  └
  POST http://localhost:3000/users/create [errored]
     socket hang up
266. Status is 201 or 200 for user creation
  ┌
  │ 'Error parsing JSON response or extracting user_id:', { type: 'Error',
  │ 7mname: 'JSONError', message: '"undefined" is not valid JSON' }
  └
  √  Response is valid JSON and ID is captured

└ POST User Login
  ┌
  │ 'Current randomInt: 1182940'
  └
  POST http://localhost:3000/users/login [errored]
     socket hang up
268. Status is 400 for login failure
  ┌
  │ 'Error parsing JSON response for login failure test:', { type: 'Error',
  │ 37mname: 'JSONError', message: '"undefined" is not valid JSON' }
  └
  √  Login failure response is valid JSON

└ GET All Users
  ┌
  │ 'Current randomInt: 8951846'
  └
  GET http://localhost:3000/users [errored]
     socket hang up
270. Status is 200
  ┌
  │ 'Error parsing JSON response for Get All Users:', { type: 'Error', na
  │ me: 'JSONError', message: '"undefined" is not valid JSON' }
  └
  √  Response is valid JSON

└ GET User By ID
  ┌
  │ 'Current randomInt: 7818041'
  └
  √  Skipped - No user_id environment variable set.
  GET http://localhost:3000/users/{{user_id}} [errored]
     socket hang up
272. Status is 200
  ┌
  │ 'Error parsing JSON response or validating user ID:', { type: 'Error',
  │ 7mname: 'JSONError', message: '"undefined" is not valid JSON' }
  └
  √  Response is valid JSON and ID is validated

Iteration 35/50

└ Create User
  ┌
  │ 'Current randomInt: 6411493'
  └
  POST http://localhost:3000/users/create [errored]
     socket hang up
274. Status is 201 or 200 for user creation
  ┌
  │ 'Error parsing JSON response or extracting user_id:', { type: 'Error',
  │ 7mname: 'JSONError', message: '"undefined" is not valid JSON' }
  └
  √  Response is valid JSON and ID is captured

└ POST User Login
  ┌
  │ 'Current randomInt: 3220824'
  └
  POST http://localhost:3000/users/login [errored]
     socket hang up
276. Status is 400 for login failure
  ┌
  │ 'Error parsing JSON response for login failure test:', { type: 'Error',
  │ 37mname: 'JSONError', message: '"undefined" is not valid JSON' }
  └
  √  Login failure response is valid JSON

└ GET All Users
  ┌
  │ 'Current randomInt: 6102674'
  └
  GET http://localhost:3000/users [errored]
     socket hang up
278. Status is 200
  ┌
  │ 'Error parsing JSON response for Get All Users:', { type: 'Error', na
  │ me: 'JSONError', message: '"undefined" is not valid JSON' }
  └
  √  Response is valid JSON

└ GET User By ID
  ┌
  │ 'Current randomInt: 7009104'
  └
  √  Skipped - No user_id environment variable set.
  GET http://localhost:3000/users/{{user_id}} [errored]
     socket hang up
280. Status is 200
  ┌
  │ 'Error parsing JSON response or validating user ID:', { type: 'Error',
  │ 7mname: 'JSONError', message: '"undefined" is not valid JSON' }
  └
  √  Response is valid JSON and ID is validated

Iteration 36/50

└ Create User
  ┌
  │ 'Current randomInt: 132245'
  └
  POST http://localhost:3000/users/create [errored]
     socket hang up
282. Status is 201 or 200 for user creation
  ┌
  │ 'Error parsing JSON response or extracting user_id:', { type: 'Error',
  │ 7mname: 'JSONError', message: '"undefined" is not valid JSON' }
  └
  √  Response is valid JSON and ID is captured

└ POST User Login
  ┌
  │ 'Current randomInt: 6197161'
  └
  POST http://localhost:3000/users/login [errored]
     socket hang up
284. Status is 400 for login failure
  ┌
  │ 'Error parsing JSON response for login failure test:', { type: 'Error',
  │ 37mname: 'JSONError', message: '"undefined" is not valid JSON' }
  └
  √  Login failure response is valid JSON

└ GET All Users
  ┌
  │ 'Current randomInt: 3469650'
  └
  GET http://localhost:3000/users [errored]
     socket hang up
286. Status is 200
  ┌
  │ 'Error parsing JSON response for Get All Users:', { type: 'Error', na
  │ me: 'JSONError', message: '"undefined" is not valid JSON' }
  └
  √  Response is valid JSON

└ GET User By ID
  ┌
  │ 'Current randomInt: 2848156'
  └
  √  Skipped - No user_id environment variable set.
  GET http://localhost:3000/users/{{user_id}} [errored]
     socket hang up
288. Status is 200
  ┌
  │ 'Error parsing JSON response or validating user ID:', { type: 'Error',
  │ 7mname: 'JSONError', message: '"undefined" is not valid JSON' }
  └
  √  Response is valid JSON and ID is validated

Iteration 37/50

└ Create User
  ┌
  │ 'Current randomInt: 4081586'
  └
  POST http://localhost:3000/users/create [errored]
     socket hang up
290. Status is 201 or 200 for user creation
  ┌
  │ 'Error parsing JSON response or extracting user_id:', { type: 'Error',
  │ 7mname: 'JSONError', message: '"undefined" is not valid JSON' }
  └
  √  Response is valid JSON and ID is captured

└ POST User Login
  ┌
  │ 'Current randomInt: 254244'
  └
  POST http://localhost:3000/users/login [errored]
     socket hang up
292. Status is 400 for login failure
  ┌
  │ 'Error parsing JSON response for login failure test:', { type: 'Error',
  │ 37mname: 'JSONError', message: '"undefined" is not valid JSON' }
  └
  √  Login failure response is valid JSON

└ GET All Users
  ┌
  │ 'Current randomInt: 882037'
  └
  GET http://localhost:3000/users [errored]
     socket hang up
294. Status is 200
  ┌
  │ 'Error parsing JSON response for Get All Users:', { type: 'Error', na
  │ me: 'JSONError', message: '"undefined" is not valid JSON' }
  └
  √  Response is valid JSON

└ GET User By ID
  ┌
  │ 'Current randomInt: 1860848'
  └
  √  Skipped - No user_id environment variable set.
  GET http://localhost:3000/users/{{user_id}} [errored]
     socket hang up
296. Status is 200
  ┌
  │ 'Error parsing JSON response or validating user ID:', { type: 'Error',
  │ 7mname: 'JSONError', message: '"undefined" is not valid JSON' }
  └
  √  Response is valid JSON and ID is validated

Iteration 38/50

└ Create User
  ┌
  │ 'Current randomInt: 9341509'
  └
  POST http://localhost:3000/users/create [errored]
     socket hang up
298. Status is 201 or 200 for user creation
  ┌
  │ 'Error parsing JSON response or extracting user_id:', { type: 'Error',
  │ 7mname: 'JSONError', message: '"undefined" is not valid JSON' }
  └
  √  Response is valid JSON and ID is captured

└ POST User Login
  ┌
  │ 'Current randomInt: 6994229'
  └
  POST http://localhost:3000/users/login [errored]
     socket hang up
300. Status is 400 for login failure
  ┌
  │ 'Error parsing JSON response for login failure test:', { type: 'Error',
  │ 37mname: 'JSONError', message: '"undefined" is not valid JSON' }
  └
  √  Login failure response is valid JSON

└ GET All Users
  ┌
  │ 'Current randomInt: 3041771'
  └
  GET http://localhost:3000/users [errored]
     socket hang up
302. Status is 200
  ┌
  │ 'Error parsing JSON response for Get All Users:', { type: 'Error', na
  │ me: 'JSONError', message: '"undefined" is not valid JSON' }
  └
  √  Response is valid JSON

└ GET User By ID
  ┌
  │ 'Current randomInt: 1913443'
  └
  √  Skipped - No user_id environment variable set.
  GET http://localhost:3000/users/{{user_id}} [errored]
     socket hang up
304. Status is 200
  ┌
  │ 'Error parsing JSON response or validating user ID:', { type: 'Error',
  │ 7mname: 'JSONError', message: '"undefined" is not valid JSON' }
  └
  √  Response is valid JSON and ID is validated

Iteration 39/50

└ Create User
  ┌
  │ 'Current randomInt: 3808195'
  └
  POST http://localhost:3000/users/create [errored]
     socket hang up
306. Status is 201 or 200 for user creation
  ┌
  │ 'Error parsing JSON response or extracting user_id:', { type: 'Error',
  │ 7mname: 'JSONError', message: '"undefined" is not valid JSON' }
  └
  √  Response is valid JSON and ID is captured

└ POST User Login
  ┌
  │ 'Current randomInt: 2786562'
  └
  POST http://localhost:3000/users/login [errored]
     socket hang up
308. Status is 400 for login failure
  ┌
  │ 'Error parsing JSON response for login failure test:', { type: 'Error',
  │ 37mname: 'JSONError', message: '"undefined" is not valid JSON' }
  └
  √  Login failure response is valid JSON

└ GET All Users
  ┌
  │ 'Current randomInt: 6689246'
  └
  GET http://localhost:3000/users [errored]
     socket hang up
310. Status is 200
  ┌
  │ 'Error parsing JSON response for Get All Users:', { type: 'Error', na
  │ me: 'JSONError', message: '"undefined" is not valid JSON' }
  └
  √  Response is valid JSON

└ GET User By ID
  ┌
  │ 'Current randomInt: 7713551'
  └
  √  Skipped - No user_id environment variable set.
  GET http://localhost:3000/users/{{user_id}} [errored]
     socket hang up
312. Status is 200
  ┌
  │ 'Error parsing JSON response or validating user ID:', { type: 'Error',
  │ 7mname: 'JSONError', message: '"undefined" is not valid JSON' }
  └
  √  Response is valid JSON and ID is validated

Iteration 40/50

└ Create User
  ┌
  │ 'Current randomInt: 5707085'
  └
  POST http://localhost:3000/users/create [errored]
     socket hang up
314. Status is 201 or 200 for user creation
  ┌
  │ 'Error parsing JSON response or extracting user_id:', { type: 'Error',
  │ 7mname: 'JSONError', message: '"undefined" is not valid JSON' }
  └
  √  Response is valid JSON and ID is captured

└ POST User Login
  ┌
  │ 'Current randomInt: 1508480'
  └
  POST http://localhost:3000/users/login [errored]
     socket hang up
316. Status is 400 for login failure
  ┌
  │ 'Error parsing JSON response for login failure test:', { type: 'Error',
  │ 37mname: 'JSONError', message: '"undefined" is not valid JSON' }
  └
  √  Login failure response is valid JSON

└ GET All Users
  ┌
  │ 'Current randomInt: 4337321'
  └
  GET http://localhost:3000/users [errored]
     socket hang up
318. Status is 200
  ┌
  │ 'Error parsing JSON response for Get All Users:', { type: 'Error', na
  │ me: 'JSONError', message: '"undefined" is not valid JSON' }
  └
  √  Response is valid JSON

└ GET User By ID
  ┌
  │ 'Current randomInt: 1823011'
  └
  √  Skipped - No user_id environment variable set.
  GET http://localhost:3000/users/{{user_id}} [errored]
     socket hang up
320. Status is 200
  ┌
  │ 'Error parsing JSON response or validating user ID:', { type: 'Error',
  │ 7mname: 'JSONError', message: '"undefined" is not valid JSON' }
  └
  √  Response is valid JSON and ID is validated

Iteration 41/50

└ Create User
  ┌
  │ 'Current randomInt: 5289920'
  └
  POST http://localhost:3000/users/create [errored]
     socket hang up
322. Status is 201 or 200 for user creation
  ┌
  │ 'Error parsing JSON response or extracting user_id:', { type: 'Error',
  │ 7mname: 'JSONError', message: '"undefined" is not valid JSON' }
  └
  √  Response is valid JSON and ID is captured

└ POST User Login
  ┌
  │ 'Current randomInt: 3673124'
  └
  POST http://localhost:3000/users/login [errored]
     socket hang up
324. Status is 400 for login failure
  ┌
  │ 'Error parsing JSON response for login failure test:', { type: 'Error',
  │ 37mname: 'JSONError', message: '"undefined" is not valid JSON' }
  └
  √  Login failure response is valid JSON

└ GET All Users
  ┌
  │ 'Current randomInt: 9648455'
  └
  GET http://localhost:3000/users [errored]
     socket hang up
326. Status is 200
  ┌
  │ 'Error parsing JSON response for Get All Users:', { type: 'Error', na
  │ me: 'JSONError', message: '"undefined" is not valid JSON' }
  └
  √  Response is valid JSON

└ GET User By ID
  ┌
  │ 'Current randomInt: 4274646'
  └
  √  Skipped - No user_id environment variable set.
  GET http://localhost:3000/users/{{user_id}} [errored]
     socket hang up
328. Status is 200
  ┌
  │ 'Error parsing JSON response or validating user ID:', { type: 'Error',
  │ 7mname: 'JSONError', message: '"undefined" is not valid JSON' }
  └
  √  Response is valid JSON and ID is validated

Iteration 42/50

└ Create User
  ┌
  │ 'Current randomInt: 2616074'
  └
  POST http://localhost:3000/users/create [errored]
     socket hang up
330. Status is 201 or 200 for user creation
  ┌
  │ 'Error parsing JSON response or extracting user_id:', { type: 'Error',
  │ 7mname: 'JSONError', message: '"undefined" is not valid JSON' }
  └
  √  Response is valid JSON and ID is captured

└ POST User Login
  ┌
  │ 'Current randomInt: 5261122'
  └
  POST http://localhost:3000/users/login [errored]
     socket hang up
332. Status is 400 for login failure
  ┌
  │ 'Error parsing JSON response for login failure test:', { type: 'Error',
  │ 37mname: 'JSONError', message: '"undefined" is not valid JSON' }
  └
  √  Login failure response is valid JSON

└ GET All Users
  ┌
  │ 'Current randomInt: 2219719'
  └
  GET http://localhost:3000/users [errored]
     socket hang up
334. Status is 200
  ┌
  │ 'Error parsing JSON response for Get All Users:', { type: 'Error', na
  │ me: 'JSONError', message: '"undefined" is not valid JSON' }
  └
  √  Response is valid JSON

└ GET User By ID
  ┌
  │ 'Current randomInt: 3204934'
  └
  √  Skipped - No user_id environment variable set.
  GET http://localhost:3000/users/{{user_id}} [errored]
     socket hang up
336. Status is 200
  ┌
  │ 'Error parsing JSON response or validating user ID:', { type: 'Error',
  │ 7mname: 'JSONError', message: '"undefined" is not valid JSON' }
  └
  √  Response is valid JSON and ID is validated

Iteration 43/50

└ Create User
  ┌
  │ 'Current randomInt: 88017'
  └
  POST http://localhost:3000/users/create [errored]
     socket hang up
338. Status is 201 or 200 for user creation
  ┌
  │ 'Error parsing JSON response or extracting user_id:', { type: 'Error',
  │ 7mname: 'JSONError', message: '"undefined" is not valid JSON' }
  └
  √  Response is valid JSON and ID is captured

└ POST User Login
  ┌
  │ 'Current randomInt: 5425766'
  └
  POST http://localhost:3000/users/login [errored]
     socket hang up
340. Status is 400 for login failure
  ┌
  │ 'Error parsing JSON response for login failure test:', { type: 'Error',
  │ 37mname: 'JSONError', message: '"undefined" is not valid JSON' }
  └
  √  Login failure response is valid JSON

└ GET All Users
  ┌
  │ 'Current randomInt: 7475456'
  └
  GET http://localhost:3000/users [errored]
     socket hang up
342. Status is 200
  ┌
  │ 'Error parsing JSON response for Get All Users:', { type: 'Error', na
  │ me: 'JSONError', message: '"undefined" is not valid JSON' }
  └
  √  Response is valid JSON

└ GET User By ID
  ┌
  │ 'Current randomInt: 9907586'
  └
  √  Skipped - No user_id environment variable set.
  GET http://localhost:3000/users/{{user_id}} [errored]
     socket hang up
344. Status is 200
  ┌
  │ 'Error parsing JSON response or validating user ID:', { type: 'Error',
  │ 7mname: 'JSONError', message: '"undefined" is not valid JSON' }
  └
  √  Response is valid JSON and ID is validated

Iteration 44/50

└ Create User
  ┌
  │ 'Current randomInt: 562166'
  └
  POST http://localhost:3000/users/create [errored]
     socket hang up
346. Status is 201 or 200 for user creation
  ┌
  │ 'Error parsing JSON response or extracting user_id:', { type: 'Error',
  │ 7mname: 'JSONError', message: '"undefined" is not valid JSON' }
  └
  √  Response is valid JSON and ID is captured

└ POST User Login
  ┌
  │ 'Current randomInt: 6984171'
  └
  POST http://localhost:3000/users/login [errored]
     socket hang up
348. Status is 400 for login failure
  ┌
  │ 'Error parsing JSON response for login failure test:', { type: 'Error',
  │ 37mname: 'JSONError', message: '"undefined" is not valid JSON' }
  └
  √  Login failure response is valid JSON

└ GET All Users
  ┌
  │ 'Current randomInt: 7620671'
  └
  GET http://localhost:3000/users [errored]
     socket hang up
350. Status is 200
  ┌
  │ 'Error parsing JSON response for Get All Users:', { type: 'Error', na
  │ me: 'JSONError', message: '"undefined" is not valid JSON' }
  └
  √  Response is valid JSON

└ GET User By ID
  ┌
  │ 'Current randomInt: 8127392'
  └
  √  Skipped - No user_id environment variable set.
  GET http://localhost:3000/users/{{user_id}} [errored]
     socket hang up
352. Status is 200
  ┌
  │ 'Error parsing JSON response or validating user ID:', { type: 'Error',
  │ 7mname: 'JSONError', message: '"undefined" is not valid JSON' }
  └
  √  Response is valid JSON and ID is validated

Iteration 45/50

└ Create User
  ┌
  │ 'Current randomInt: 4383907'
  └
  POST http://localhost:3000/users/create [errored]
     socket hang up
354. Status is 201 or 200 for user creation
  ┌
  │ 'Error parsing JSON response or extracting user_id:', { type: 'Error',
  │ 7mname: 'JSONError', message: '"undefined" is not valid JSON' }
  └
  √  Response is valid JSON and ID is captured

└ POST User Login
  ┌
  │ 'Current randomInt: 2317226'
  └
  POST http://localhost:3000/users/login [errored]
     socket hang up
356. Status is 400 for login failure
  ┌
  │ 'Error parsing JSON response for login failure test:', { type: 'Error',
  │ 37mname: 'JSONError', message: '"undefined" is not valid JSON' }
  └
  √  Login failure response is valid JSON

└ GET All Users
  ┌
  │ 'Current randomInt: 1312533'
  └
  GET http://localhost:3000/users [errored]
     socket hang up
358. Status is 200
  ┌
  │ 'Error parsing JSON response for Get All Users:', { type: 'Error', na
  │ me: 'JSONError', message: '"undefined" is not valid JSON' }
  └
  √  Response is valid JSON

└ GET User By ID
  ┌
  │ 'Current randomInt: 3197451'
  └
  √  Skipped - No user_id environment variable set.
  GET http://localhost:3000/users/{{user_id}} [errored]
     socket hang up
360. Status is 200
  ┌
  │ 'Error parsing JSON response or validating user ID:', { type: 'Error',
  │ 7mname: 'JSONError', message: '"undefined" is not valid JSON' }
  └
  √  Response is valid JSON and ID is validated

Iteration 46/50

└ Create User
  ┌
  │ 'Current randomInt: 7801034'
  └
  POST http://localhost:3000/users/create [errored]
     socket hang up
362. Status is 201 or 200 for user creation
  ┌
  │ 'Error parsing JSON response or extracting user_id:', { type: 'Error',
  │ 7mname: 'JSONError', message: '"undefined" is not valid JSON' }
  └
  √  Response is valid JSON and ID is captured

└ POST User Login
  ┌
  │ 'Current randomInt: 6944204'
  └
  POST http://localhost:3000/users/login [errored]
     socket hang up
364. Status is 400 for login failure
  ┌
  │ 'Error parsing JSON response for login failure test:', { type: 'Error',
  │ 37mname: 'JSONError', message: '"undefined" is not valid JSON' }
  └
  √  Login failure response is valid JSON

└ GET All Users
  ┌
  │ 'Current randomInt: 9377019'
  └
  GET http://localhost:3000/users [errored]
     socket hang up
366. Status is 200
  ┌
  │ 'Error parsing JSON response for Get All Users:', { type: 'Error', na
  │ me: 'JSONError', message: '"undefined" is not valid JSON' }
  └
  √  Response is valid JSON

└ GET User By ID
  ┌
  │ 'Current randomInt: 727063'
  └
  √  Skipped - No user_id environment variable set.
  GET http://localhost:3000/users/{{user_id}} [errored]
     socket hang up
368. Status is 200
  ┌
  │ 'Error parsing JSON response or validating user ID:', { type: 'Error',
  │ 7mname: 'JSONError', message: '"undefined" is not valid JSON' }
  └
  √  Response is valid JSON and ID is validated

Iteration 47/50

└ Create User
  ┌
  │ 'Current randomInt: 9273118'
  └
  POST http://localhost:3000/users/create [errored]
     socket hang up
370. Status is 201 or 200 for user creation
  ┌
  │ 'Error parsing JSON response or extracting user_id:', { type: 'Error',
  │ 7mname: 'JSONError', message: '"undefined" is not valid JSON' }
  └
  √  Response is valid JSON and ID is captured

└ POST User Login
  ┌
  │ 'Current randomInt: 9037986'
  └
  POST http://localhost:3000/users/login [errored]
     socket hang up
372. Status is 400 for login failure
  ┌
  │ 'Error parsing JSON response for login failure test:', { type: 'Error',
  │ 37mname: 'JSONError', message: '"undefined" is not valid JSON' }
  └
  √  Login failure response is valid JSON

└ GET All Users
  ┌
  │ 'Current randomInt: 7031895'
  └
  GET http://localhost:3000/users [errored]
     socket hang up
374. Status is 200
  ┌
  │ 'Error parsing JSON response for Get All Users:', { type: 'Error', na
  │ me: 'JSONError', message: '"undefined" is not valid JSON' }
  └
  √  Response is valid JSON

└ GET User By ID
  ┌
  │ 'Current randomInt: 7971202'
  └
  √  Skipped - No user_id environment variable set.
  GET http://localhost:3000/users/{{user_id}} [errored]
     socket hang up
376. Status is 200
  ┌
  │ 'Error parsing JSON response or validating user ID:', { type: 'Error',
  │ 7mname: 'JSONError', message: '"undefined" is not valid JSON' }
  └
  √  Response is valid JSON and ID is validated

Iteration 48/50

└ Create User
  ┌
  │ 'Current randomInt: 4046857'
  └
  POST http://localhost:3000/users/create [errored]
     socket hang up
378. Status is 201 or 200 for user creation
  ┌
  │ 'Error parsing JSON response or extracting user_id:', { type: 'Error',
  │ 7mname: 'JSONError', message: '"undefined" is not valid JSON' }
  └
  √  Response is valid JSON and ID is captured

└ POST User Login
  ┌
  │ 'Current randomInt: 7354601'
  └
  POST http://localhost:3000/users/login [errored]
     socket hang up
380. Status is 400 for login failure
  ┌
  │ 'Error parsing JSON response for login failure test:', { type: 'Error',
  │ 37mname: 'JSONError', message: '"undefined" is not valid JSON' }
  └
  √  Login failure response is valid JSON

└ GET All Users
  ┌
  │ 'Current randomInt: 4320497'
  └
  GET http://localhost:3000/users [errored]
     socket hang up
382. Status is 200
  ┌
  │ 'Error parsing JSON response for Get All Users:', { type: 'Error', na
  │ me: 'JSONError', message: '"undefined" is not valid JSON' }
  └
  √  Response is valid JSON

└ GET User By ID
  ┌
  │ 'Current randomInt: 6320847'
  └
  √  Skipped - No user_id environment variable set.
  GET http://localhost:3000/users/{{user_id}} [errored]
     socket hang up
384. Status is 200
  ┌
  │ 'Error parsing JSON response or validating user ID:', { type: 'Error',
  │ 7mname: 'JSONError', message: '"undefined" is not valid JSON' }
  └
  √  Response is valid JSON and ID is validated

Iteration 49/50

└ Create User
  ┌
  │ 'Current randomInt: 697173'
  └
  POST http://localhost:3000/users/create [errored]
     socket hang up
386. Status is 201 or 200 for user creation
  ┌
  │ 'Error parsing JSON response or extracting user_id:', { type: 'Error',
  │ 7mname: 'JSONError', message: '"undefined" is not valid JSON' }
  └
  √  Response is valid JSON and ID is captured

└ POST User Login
  ┌
  │ 'Current randomInt: 7480624'
  └
  POST http://localhost:3000/users/login [errored]
     socket hang up
388. Status is 400 for login failure
  ┌
  │ 'Error parsing JSON response for login failure test:', { type: 'Error',
  │ 37mname: 'JSONError', message: '"undefined" is not valid JSON' }
  └
  √  Login failure response is valid JSON

└ GET All Users
  ┌
  │ 'Current randomInt: 7538232'
  └
  GET http://localhost:3000/users [errored]
     socket hang up
390. Status is 200
  ┌
  │ 'Error parsing JSON response for Get All Users:', { type: 'Error', na
  │ me: 'JSONError', message: '"undefined" is not valid JSON' }
  └
  √  Response is valid JSON

└ GET User By ID
  ┌
  │ 'Current randomInt: 5260805'
  └
  √  Skipped - No user_id environment variable set.
  GET http://localhost:3000/users/{{user_id}} [errored]
     socket hang up
392. Status is 200
  ┌
  │ 'Error parsing JSON response or validating user ID:', { type: 'Error',
  │ 7mname: 'JSONError', message: '"undefined" is not valid JSON' }
  └
  √  Response is valid JSON and ID is validated

Iteration 50/50

└ Create User
  ┌
  │ 'Current randomInt: 471920'
  └
  POST http://localhost:3000/users/create [errored]
     socket hang up
394. Status is 201 or 200 for user creation
  ┌
  │ 'Error parsing JSON response or extracting user_id:', { type: 'Error',
  │ 7mname: 'JSONError', message: '"undefined" is not valid JSON' }
  └
  √  Response is valid JSON and ID is captured

└ POST User Login
  ┌
  │ 'Current randomInt: 9591068'
  └
  POST http://localhost:3000/users/login [errored]
     socket hang up
396. Status is 400 for login failure
  ┌
  │ 'Error parsing JSON response for login failure test:', { type: 'Error',
  │ 37mname: 'JSONError', message: '"undefined" is not valid JSON' }
  └
  √  Login failure response is valid JSON

└ GET All Users
  ┌
  │ 'Current randomInt: 3724668'
  └
  GET http://localhost:3000/users [errored]
     socket hang up
398. Status is 200
  ┌
  │ 'Error parsing JSON response for Get All Users:', { type: 'Error', na
  │ me: 'JSONError', message: '"undefined" is not valid JSON' }
  └
  √  Response is valid JSON

└ GET User By ID
  ┌
  │ 'Current randomInt: 6394382'
  └
  √  Skipped - No user_id environment variable set.
  GET http://localhost:3000/users/{{user_id}} [errored]
     socket hang up
400. Status is 200
  ┌
  │ 'Error parsing JSON response or validating user ID:', { type: 'Error',
  │ 7mname: 'JSONError', message: '"undefined" is not valid JSON' }
  └
  √  Response is valid JSON and ID is validated

┌─────────────────────────┬──────────┬──────────┐
│                         │ executed │   failed │
├─────────────────────────┼──────────┼──────────┤
│              iterations │       50 │        0 │
├─────────────────────────┼──────────┼──────────┤
│                requests │      200 │      200 │
├─────────────────────────┼──────────┼──────────┤
│            test-scripts │      200 │        0 │
├─────────────────────────┼──────────┼──────────┤
│      prerequest-scripts │      250 │        0 │
├─────────────────────────┼──────────┼──────────┤
│              assertions │      450 │      200 │
├─────────────────────────┴──────────┴──────────┤
│ total run duration: 12.9s                     │
├───────────────────────────────────────────────┤
│ total data received: 0B (approx)              │
└───────────────────────────────────────────────┘

    #  failure               detail

 001.  Error                 socket hang up
       iteration: 1          at request
                             inside ""

 002.  AssertionError        Status is 201 or 200 for user creation
       iteration: 1          expected undefined to be one of [ 200, 201 ]
                             at assertion:0 in test-script
                             inside "Users / Create User"

 003.  Error                 socket hang up
       iteration: 1          at request
                             inside ""

 004.  AssertionError        Status is 400 for login failure
       iteration: 1          expected undefined to be one of [ 400, 401 ]
                             at assertion:0 in test-script
                             inside "Users / POST User Login"

 005.  Error                 socket hang up
       iteration: 1          at request
                             inside ""

 006.  AssertionError        Status is 200
       iteration: 1          expected PostmanResponse{ …(5) } to have property 'code'
                             at assertion:0 in test-script
                             inside "Users / GET All Users"

 007.  Error                 socket hang up
       iteration: 1          at request
                             inside ""

 008.  AssertionError        Status is 200
       iteration: 1          expected PostmanResponse{ …(5) } to have property 'code'
                             at assertion:0 in test-script
                             inside "Users / GET User By ID"

 009.  Error                 socket hang up
       iteration: 2          at request
                             inside ""

 010.  AssertionError        Status is 201 or 200 for user creation
       iteration: 2          expected undefined to be one of [ 200, 201 ]
                             at assertion:0 in test-script
                             inside "Users / Create User"

 011.  Error                 socket hang up
       iteration: 2          at request
                             inside ""

 012.  AssertionError        Status is 400 for login failure
       iteration: 2          expected undefined to be one of [ 400, 401 ]
                             at assertion:0 in test-script
                             inside "Users / POST User Login"

 013.  Error                 socket hang up
       iteration: 2          at request
                             inside ""

 014.  AssertionError        Status is 200
       iteration: 2          expected PostmanResponse{ …(5) } to have property 'code'
                             at assertion:0 in test-script
                             inside "Users / GET All Users"

 015.  Error                 socket hang up
       iteration: 2          at request
                             inside ""

 016.  AssertionError        Status is 200
       iteration: 2          expected PostmanResponse{ …(5) } to have property 'code'
                             at assertion:0 in test-script
                             inside "Users / GET User By ID"

 017.  Error                 socket hang up
       iteration: 3          at request
                             inside ""

 018.  AssertionError        Status is 201 or 200 for user creation
       iteration: 3          expected undefined to be one of [ 200, 201 ]
                             at assertion:0 in test-script
                             inside "Users / Create User"

 019.  Error                 socket hang up
       iteration: 3          at request
                             inside ""

 020.  AssertionError        Status is 400 for login failure
       iteration: 3          expected undefined to be one of [ 400, 401 ]
                             at assertion:0 in test-script
                             inside "Users / POST User Login"

 021.  Error                 socket hang up
       iteration: 3          at request
                             inside ""

 022.  AssertionError        Status is 200
       iteration: 3          expected PostmanResponse{ …(5) } to have property 'code'
                             at assertion:0 in test-script
                             inside "Users / GET All Users"

 023.  Error                 socket hang up
       iteration: 3          at request
                             inside ""

 024.  AssertionError        Status is 200
       iteration: 3          expected PostmanResponse{ …(5) } to have property 'code'
                             at assertion:0 in test-script
                             inside "Users / GET User By ID"

 025.  Error                 socket hang up
       iteration: 4          at request
                             inside ""

 026.  AssertionError        Status is 201 or 200 for user creation
       iteration: 4          expected undefined to be one of [ 200, 201 ]
                             at assertion:0 in test-script
                             inside "Users / Create User"

 027.  Error                 socket hang up
       iteration: 4          at request
                             inside ""

 028.  AssertionError        Status is 400 for login failure
       iteration: 4          expected undefined to be one of [ 400, 401 ]
                             at assertion:0 in test-script
                             inside "Users / POST User Login"

 029.  Error                 socket hang up
       iteration: 4          at request
                             inside ""

 030.  AssertionError        Status is 200
       iteration: 4          expected PostmanResponse{ …(5) } to have property 'code'
                             at assertion:0 in test-script
                             inside "Users / GET All Users"

 031.  Error                 socket hang up
       iteration: 4          at request
                             inside ""

 032.  AssertionError        Status is 200
       iteration: 4          expected PostmanResponse{ …(5) } to have property 'code'
                             at assertion:0 in test-script
                             inside "Users / GET User By ID"

 033.  Error                 socket hang up
       iteration: 5          at request
                             inside ""

 034.  AssertionError        Status is 201 or 200 for user creation
       iteration: 5          expected undefined to be one of [ 200, 201 ]
                             at assertion:0 in test-script
                             inside "Users / Create User"

 035.  Error                 socket hang up
       iteration: 5          at request
                             inside ""

 036.  AssertionError        Status is 400 for login failure
       iteration: 5          expected undefined to be one of [ 400, 401 ]
                             at assertion:0 in test-script
                             inside "Users / POST User Login"

 037.  Error                 socket hang up
       iteration: 5          at request
                             inside ""

 038.  AssertionError        Status is 200
       iteration: 5          expected PostmanResponse{ …(5) } to have property 'code'
                             at assertion:0 in test-script
                             inside "Users / GET All Users"

 039.  Error                 socket hang up
       iteration: 5          at request
                             inside ""

 040.  AssertionError        Status is 200
       iteration: 5          expected PostmanResponse{ …(5) } to have property 'code'
                             at assertion:0 in test-script
                             inside "Users / GET User By ID"

 041.  Error                 socket hang up
       iteration: 6          at request
                             inside ""

 042.  AssertionError        Status is 201 or 200 for user creation
       iteration: 6          expected undefined to be one of [ 200, 201 ]
                             at assertion:0 in test-script
                             inside "Users / Create User"

 043.  Error                 socket hang up
       iteration: 6          at request
                             inside ""

 044.  AssertionError        Status is 400 for login failure
       iteration: 6          expected undefined to be one of [ 400, 401 ]
                             at assertion:0 in test-script
                             inside "Users / POST User Login"

 045.  Error                 socket hang up
       iteration: 6          at request
                             inside ""

 046.  AssertionError        Status is 200
       iteration: 6          expected PostmanResponse{ …(5) } to have property 'code'
                             at assertion:0 in test-script
                             inside "Users / GET All Users"

 047.  Error                 socket hang up
       iteration: 6          at request
                             inside ""

 048.  AssertionError        Status is 200
       iteration: 6          expected PostmanResponse{ …(5) } to have property 'code'
                             at assertion:0 in test-script
                             inside "Users / GET User By ID"

 049.  Error                 socket hang up
       iteration: 7          at request
                             inside ""

 050.  AssertionError        Status is 201 or 200 for user creation
       iteration: 7          expected undefined to be one of [ 200, 201 ]
                             at assertion:0 in test-script
                             inside "Users / Create User"

 051.  Error                 socket hang up
       iteration: 7          at request
                             inside ""

 052.  AssertionError        Status is 400 for login failure
       iteration: 7          expected undefined to be one of [ 400, 401 ]
                             at assertion:0 in test-script
                             inside "Users / POST User Login"

 053.  Error                 socket hang up
       iteration: 7          at request
                             inside ""

 054.  AssertionError        Status is 200
       iteration: 7          expected PostmanResponse{ …(5) } to have property 'code'
                             at assertion:0 in test-script
                             inside "Users / GET All Users"

 055.  Error                 socket hang up
       iteration: 7          at request
                             inside ""

 056.  AssertionError        Status is 200
       iteration: 7          expected PostmanResponse{ …(5) } to have property 'code'
                             at assertion:0 in test-script
                             inside "Users / GET User By ID"

 057.  Error                 socket hang up
       iteration: 8          at request
                             inside ""

 058.  AssertionError        Status is 201 or 200 for user creation
       iteration: 8          expected undefined to be one of [ 200, 201 ]
                             at assertion:0 in test-script
                             inside "Users / Create User"

 059.  Error                 socket hang up
       iteration: 8          at request
                             inside ""

 060.  AssertionError        Status is 400 for login failure
       iteration: 8          expected undefined to be one of [ 400, 401 ]
                             at assertion:0 in test-script
                             inside "Users / POST User Login"

 061.  Error                 socket hang up
       iteration: 8          at request
                             inside ""

 062.  AssertionError        Status is 200
       iteration: 8          expected PostmanResponse{ …(5) } to have property 'code'
                             at assertion:0 in test-script
                             inside "Users / GET All Users"

 063.  Error                 socket hang up
       iteration: 8          at request
                             inside ""

 064.  AssertionError        Status is 200
       iteration: 8          expected PostmanResponse{ …(5) } to have property 'code'
                             at assertion:0 in test-script
                             inside "Users / GET User By ID"

 065.  Error                 socket hang up
       iteration: 9          at request
                             inside ""

 066.  AssertionError        Status is 201 or 200 for user creation
       iteration: 9          expected undefined to be one of [ 200, 201 ]
                             at assertion:0 in test-script
                             inside "Users / Create User"

 067.  Error                 socket hang up
       iteration: 9          at request
                             inside ""

 068.  AssertionError        Status is 400 for login failure
       iteration: 9          expected undefined to be one of [ 400, 401 ]
                             at assertion:0 in test-script
                             inside "Users / POST User Login"

 069.  Error                 socket hang up
       iteration: 9          at request
                             inside ""

 070.  AssertionError        Status is 200
       iteration: 9          expected PostmanResponse{ …(5) } to have property 'code'
                             at assertion:0 in test-script
                             inside "Users / GET All Users"

 071.  Error                 socket hang up
       iteration: 9          at request
                             inside ""

 072.  AssertionError        Status is 200
       iteration: 9          expected PostmanResponse{ …(5) } to have property 'code'
                             at assertion:0 in test-script
                             inside "Users / GET User By ID"

 073.  Error                 socket hang up
       iteration: 10         at request
                             inside ""

 074.  AssertionError        Status is 201 or 200 for user creation
       iteration: 10         expected undefined to be one of [ 200, 201 ]
                             at assertion:0 in test-script
                             inside "Users / Create User"

 075.  Error                 socket hang up
       iteration: 10         at request
                             inside ""

 076.  AssertionError        Status is 400 for login failure
       iteration: 10         expected undefined to be one of [ 400, 401 ]
                             at assertion:0 in test-script
                             inside "Users / POST User Login"

 077.  Error                 socket hang up
       iteration: 10         at request
                             inside ""

 078.  AssertionError        Status is 200
       iteration: 10         expected PostmanResponse{ …(5) } to have property 'code'
                             at assertion:0 in test-script
                             inside "Users / GET All Users"

 079.  Error                 socket hang up
       iteration: 10         at request
                             inside ""

 080.  AssertionError        Status is 200
       iteration: 10         expected PostmanResponse{ …(5) } to have property 'code'
                             at assertion:0 in test-script
                             inside "Users / GET User By ID"

 081.  Error                 socket hang up
       iteration: 11         at request
                             inside ""

 082.  AssertionError        Status is 201 or 200 for user creation
       iteration: 11         expected undefined to be one of [ 200, 201 ]
                             at assertion:0 in test-script
                             inside "Users / Create User"

 083.  Error                 socket hang up
       iteration: 11         at request
                             inside ""

 084.  AssertionError        Status is 400 for login failure
       iteration: 11         expected undefined to be one of [ 400, 401 ]
                             at assertion:0 in test-script
                             inside "Users / POST User Login"

 085.  Error                 socket hang up
       iteration: 11         at request
                             inside ""

 086.  AssertionError        Status is 200
       iteration: 11         expected PostmanResponse{ …(5) } to have property 'code'
                             at assertion:0 in test-script
                             inside "Users / GET All Users"

 087.  Error                 socket hang up
       iteration: 11         at request
                             inside ""

 088.  AssertionError        Status is 200
       iteration: 11         expected PostmanResponse{ …(5) } to have property 'code'
                             at assertion:0 in test-script
                             inside "Users / GET User By ID"

 089.  Error                 socket hang up
       iteration: 12         at request
                             inside ""

 090.  AssertionError        Status is 201 or 200 for user creation
       iteration: 12         expected undefined to be one of [ 200, 201 ]
                             at assertion:0 in test-script
                             inside "Users / Create User"

 091.  Error                 socket hang up
       iteration: 12         at request
                             inside ""

 092.  AssertionError        Status is 400 for login failure
       iteration: 12         expected undefined to be one of [ 400, 401 ]
                             at assertion:0 in test-script
                             inside "Users / POST User Login"

 093.  Error                 socket hang up
       iteration: 12         at request
                             inside ""

 094.  AssertionError        Status is 200
       iteration: 12         expected PostmanResponse{ …(5) } to have property 'code'
                             at assertion:0 in test-script
                             inside "Users / GET All Users"

 095.  Error                 socket hang up
       iteration: 12         at request
                             inside ""

 096.  AssertionError        Status is 200
       iteration: 12         expected PostmanResponse{ …(5) } to have property 'code'
                             at assertion:0 in test-script
                             inside "Users / GET User By ID"

 097.  Error                 socket hang up
       iteration: 13         at request
                             inside ""

 098.  AssertionError        Status is 201 or 200 for user creation
       iteration: 13         expected undefined to be one of [ 200, 201 ]
                             at assertion:0 in test-script
                             inside "Users / Create User"

 099.  Error                 socket hang up
       iteration: 13         at request
                             inside ""

 100.  AssertionError        Status is 400 for login failure
       iteration: 13         expected undefined to be one of [ 400, 401 ]
                             at assertion:0 in test-script
                             inside "Users / POST User Login"

 101.  Error                 socket hang up
       iteration: 13         at request
                             inside ""

 102.  AssertionError        Status is 200
       iteration: 13         expected PostmanResponse{ …(5) } to have property 'code'
                             at assertion:0 in test-script
                             inside "Users / GET All Users"

 103.  Error                 socket hang up
       iteration: 13         at request
                             inside ""

 104.  AssertionError        Status is 200
       iteration: 13         expected PostmanResponse{ …(5) } to have property 'code'
                             at assertion:0 in test-script
                             inside "Users / GET User By ID"

 105.  Error                 socket hang up
       iteration: 14         at request
                             inside ""

 106.  AssertionError        Status is 201 or 200 for user creation
       iteration: 14         expected undefined to be one of [ 200, 201 ]
                             at assertion:0 in test-script
                             inside "Users / Create User"

 107.  Error                 socket hang up
       iteration: 14         at request
                             inside ""

 108.  AssertionError        Status is 400 for login failure
       iteration: 14         expected undefined to be one of [ 400, 401 ]
                             at assertion:0 in test-script
                             inside "Users / POST User Login"

 109.  Error                 socket hang up
       iteration: 14         at request
                             inside ""

 110.  AssertionError        Status is 200
       iteration: 14         expected PostmanResponse{ …(5) } to have property 'code'
                             at assertion:0 in test-script
                             inside "Users / GET All Users"

 111.  Error                 socket hang up
       iteration: 14         at request
                             inside ""

 112.  AssertionError        Status is 200
       iteration: 14         expected PostmanResponse{ …(5) } to have property 'code'
                             at assertion:0 in test-script
                             inside "Users / GET User By ID"

 113.  Error                 socket hang up
       iteration: 15         at request
                             inside ""

 114.  AssertionError        Status is 201 or 200 for user creation
       iteration: 15         expected undefined to be one of [ 200, 201 ]
                             at assertion:0 in test-script
                             inside "Users / Create User"

 115.  Error                 socket hang up
       iteration: 15         at request
                             inside ""

 116.  AssertionError        Status is 400 for login failure
       iteration: 15         expected undefined to be one of [ 400, 401 ]
                             at assertion:0 in test-script
                             inside "Users / POST User Login"

 117.  Error                 socket hang up
       iteration: 15         at request
                             inside ""

 118.  AssertionError        Status is 200
       iteration: 15         expected PostmanResponse{ …(5) } to have property 'code'
                             at assertion:0 in test-script
                             inside "Users / GET All Users"

 119.  Error                 socket hang up
       iteration: 15         at request
                             inside ""

 120.  AssertionError        Status is 200
       iteration: 15         expected PostmanResponse{ …(5) } to have property 'code'
                             at assertion:0 in test-script
                             inside "Users / GET User By ID"

 121.  Error                 socket hang up
       iteration: 16         at request
                             inside ""

 122.  AssertionError        Status is 201 or 200 for user creation
       iteration: 16         expected undefined to be one of [ 200, 201 ]
                             at assertion:0 in test-script
                             inside "Users / Create User"

 123.  Error                 socket hang up
       iteration: 16         at request
                             inside ""

 124.  AssertionError        Status is 400 for login failure
       iteration: 16         expected undefined to be one of [ 400, 401 ]
                             at assertion:0 in test-script
                             inside "Users / POST User Login"

 125.  Error                 socket hang up
       iteration: 16         at request
                             inside ""

 126.  AssertionError        Status is 200
       iteration: 16         expected PostmanResponse{ …(5) } to have property 'code'
                             at assertion:0 in test-script
                             inside "Users / GET All Users"

 127.  Error                 socket hang up
       iteration: 16         at request
                             inside ""

 128.  AssertionError        Status is 200
       iteration: 16         expected PostmanResponse{ …(5) } to have property 'code'
                             at assertion:0 in test-script
                             inside "Users / GET User By ID"

 129.  Error                 socket hang up
       iteration: 17         at request
                             inside ""

 130.  AssertionError        Status is 201 or 200 for user creation
       iteration: 17         expected undefined to be one of [ 200, 201 ]
                             at assertion:0 in test-script
                             inside "Users / Create User"

 131.  Error                 socket hang up
       iteration: 17         at request
                             inside ""

 132.  AssertionError        Status is 400 for login failure
       iteration: 17         expected undefined to be one of [ 400, 401 ]
                             at assertion:0 in test-script
                             inside "Users / POST User Login"

 133.  Error                 socket hang up
       iteration: 17         at request
                             inside ""

 134.  AssertionError        Status is 200
       iteration: 17         expected PostmanResponse{ …(5) } to have property 'code'
                             at assertion:0 in test-script
                             inside "Users / GET All Users"

 135.  Error                 socket hang up
       iteration: 17         at request
                             inside ""

 136.  AssertionError        Status is 200
       iteration: 17         expected PostmanResponse{ …(5) } to have property 'code'
                             at assertion:0 in test-script
                             inside "Users / GET User By ID"

 137.  Error                 socket hang up
       iteration: 18         at request
                             inside ""

 138.  AssertionError        Status is 201 or 200 for user creation
       iteration: 18         expected undefined to be one of [ 200, 201 ]
                             at assertion:0 in test-script
                             inside "Users / Create User"

 139.  Error                 socket hang up
       iteration: 18         at request
                             inside ""

 140.  AssertionError        Status is 400 for login failure
       iteration: 18         expected undefined to be one of [ 400, 401 ]
                             at assertion:0 in test-script
                             inside "Users / POST User Login"

 141.  Error                 socket hang up
       iteration: 18         at request
                             inside ""

 142.  AssertionError        Status is 200
       iteration: 18         expected PostmanResponse{ …(5) } to have property 'code'
                             at assertion:0 in test-script
                             inside "Users / GET All Users"

 143.  Error                 socket hang up
       iteration: 18         at request
                             inside ""

 144.  AssertionError        Status is 200
       iteration: 18         expected PostmanResponse{ …(5) } to have property 'code'
                             at assertion:0 in test-script
                             inside "Users / GET User By ID"

 145.  Error                 socket hang up
       iteration: 19         at request
                             inside ""

 146.  AssertionError        Status is 201 or 200 for user creation
       iteration: 19         expected undefined to be one of [ 200, 201 ]
                             at assertion:0 in test-script
                             inside "Users / Create User"

 147.  Error                 socket hang up
       iteration: 19         at request
                             inside ""

 148.  AssertionError        Status is 400 for login failure
       iteration: 19         expected undefined to be one of [ 400, 401 ]
                             at assertion:0 in test-script
                             inside "Users / POST User Login"

 149.  Error                 socket hang up
       iteration: 19         at request
                             inside ""

 150.  AssertionError        Status is 200
       iteration: 19         expected PostmanResponse{ …(5) } to have property 'code'
                             at assertion:0 in test-script
                             inside "Users / GET All Users"

 151.  Error                 socket hang up
       iteration: 19         at request
                             inside ""

 152.  AssertionError        Status is 200
       iteration: 19         expected PostmanResponse{ …(5) } to have property 'code'
                             at assertion:0 in test-script
                             inside "Users / GET User By ID"

 153.  Error                 socket hang up
       iteration: 20         at request
                             inside ""

 154.  AssertionError        Status is 201 or 200 for user creation
       iteration: 20         expected undefined to be one of [ 200, 201 ]
                             at assertion:0 in test-script
                             inside "Users / Create User"

 155.  Error                 socket hang up
       iteration: 20         at request
                             inside ""

 156.  AssertionError        Status is 400 for login failure
       iteration: 20         expected undefined to be one of [ 400, 401 ]
                             at assertion:0 in test-script
                             inside "Users / POST User Login"

 157.  Error                 socket hang up
       iteration: 20         at request
                             inside ""

 158.  AssertionError        Status is 200
       iteration: 20         expected PostmanResponse{ …(5) } to have property 'code'
                             at assertion:0 in test-script
                             inside "Users / GET All Users"

 159.  Error                 socket hang up
       iteration: 20         at request
                             inside ""

 160.  AssertionError        Status is 200
       iteration: 20         expected PostmanResponse{ …(5) } to have property 'code'
                             at assertion:0 in test-script
                             inside "Users / GET User By ID"

 161.  Error                 socket hang up
       iteration: 21         at request
                             inside ""

 162.  AssertionError        Status is 201 or 200 for user creation
       iteration: 21         expected undefined to be one of [ 200, 201 ]
                             at assertion:0 in test-script
                             inside "Users / Create User"

 163.  Error                 socket hang up
       iteration: 21         at request
                             inside ""

 164.  AssertionError        Status is 400 for login failure
       iteration: 21         expected undefined to be one of [ 400, 401 ]
                             at assertion:0 in test-script
                             inside "Users / POST User Login"

 165.  Error                 socket hang up
       iteration: 21         at request
                             inside ""

 166.  AssertionError        Status is 200
       iteration: 21         expected PostmanResponse{ …(5) } to have property 'code'
                             at assertion:0 in test-script
                             inside "Users / GET All Users"

 167.  Error                 socket hang up
       iteration: 21         at request
                             inside ""

 168.  AssertionError        Status is 200
       iteration: 21         expected PostmanResponse{ …(5) } to have property 'code'
                             at assertion:0 in test-script
                             inside "Users / GET User By ID"

 169.  Error                 socket hang up
       iteration: 22         at request
                             inside ""

 170.  AssertionError        Status is 201 or 200 for user creation
       iteration: 22         expected undefined to be one of [ 200, 201 ]
                             at assertion:0 in test-script
                             inside "Users / Create User"

 171.  Error                 socket hang up
       iteration: 22         at request
                             inside ""

 172.  AssertionError        Status is 400 for login failure
       iteration: 22         expected undefined to be one of [ 400, 401 ]
                             at assertion:0 in test-script
                             inside "Users / POST User Login"

 173.  Error                 socket hang up
       iteration: 22         at request
                             inside ""

 174.  AssertionError        Status is 200
       iteration: 22         expected PostmanResponse{ …(5) } to have property 'code'
                             at assertion:0 in test-script
                             inside "Users / GET All Users"

 175.  Error                 socket hang up
       iteration: 22         at request
                             inside ""

 176.  AssertionError        Status is 200
       iteration: 22         expected PostmanResponse{ …(5) } to have property 'code'
                             at assertion:0 in test-script
                             inside "Users / GET User By ID"

 177.  Error                 socket hang up
       iteration: 23         at request
                             inside ""

 178.  AssertionError        Status is 201 or 200 for user creation
       iteration: 23         expected undefined to be one of [ 200, 201 ]
                             at assertion:0 in test-script
                             inside "Users / Create User"

 179.  Error                 socket hang up
       iteration: 23         at request
                             inside ""

 180.  AssertionError        Status is 400 for login failure
       iteration: 23         expected undefined to be one of [ 400, 401 ]
                             at assertion:0 in test-script
                             inside "Users / POST User Login"

 181.  Error                 socket hang up
       iteration: 23         at request
                             inside ""

 182.  AssertionError        Status is 200
       iteration: 23         expected PostmanResponse{ …(5) } to have property 'code'
                             at assertion:0 in test-script
                             inside "Users / GET All Users"

 183.  Error                 socket hang up
       iteration: 23         at request
                             inside ""

 184.  AssertionError        Status is 200
       iteration: 23         expected PostmanResponse{ …(5) } to have property 'code'
                             at assertion:0 in test-script
                             inside "Users / GET User By ID"

 185.  Error                 socket hang up
       iteration: 24         at request
                             inside ""

 186.  AssertionError        Status is 201 or 200 for user creation
       iteration: 24         expected undefined to be one of [ 200, 201 ]
                             at assertion:0 in test-script
                             inside "Users / Create User"

 187.  Error                 socket hang up
       iteration: 24         at request
                             inside ""

 188.  AssertionError        Status is 400 for login failure
       iteration: 24         expected undefined to be one of [ 400, 401 ]
                             at assertion:0 in test-script
                             inside "Users / POST User Login"

 189.  Error                 socket hang up
       iteration: 24         at request
                             inside ""

 190.  AssertionError        Status is 200
       iteration: 24         expected PostmanResponse{ …(5) } to have property 'code'
                             at assertion:0 in test-script
                             inside "Users / GET All Users"

 191.  Error                 socket hang up
       iteration: 24         at request
                             inside ""

 192.  AssertionError        Status is 200
       iteration: 24         expected PostmanResponse{ …(5) } to have property 'code'
                             at assertion:0 in test-script
                             inside "Users / GET User By ID"

 193.  Error                 socket hang up
       iteration: 25         at request
                             inside ""

 194.  AssertionError        Status is 201 or 200 for user creation
       iteration: 25         expected undefined to be one of [ 200, 201 ]
                             at assertion:0 in test-script
                             inside "Users / Create User"

 195.  Error                 socket hang up
       iteration: 25         at request
                             inside ""

 196.  AssertionError        Status is 400 for login failure
       iteration: 25         expected undefined to be one of [ 400, 401 ]
                             at assertion:0 in test-script
                             inside "Users / POST User Login"

 197.  Error                 socket hang up
       iteration: 25         at request
                             inside ""

 198.  AssertionError        Status is 200
       iteration: 25         expected PostmanResponse{ …(5) } to have property 'code'
                             at assertion:0 in test-script
                             inside "Users / GET All Users"

 199.  Error                 socket hang up
       iteration: 25         at request
                             inside ""

 200.  AssertionError        Status is 200
       iteration: 25         expected PostmanResponse{ …(5) } to have property 'code'
                             at assertion:0 in test-script
                             inside "Users / GET User By ID"

 201.  Error                 socket hang up
       iteration: 26         at request
                             inside ""

 202.  AssertionError        Status is 201 or 200 for user creation
       iteration: 26         expected undefined to be one of [ 200, 201 ]
                             at assertion:0 in test-script
                             inside "Users / Create User"

 203.  Error                 socket hang up
       iteration: 26         at request
                             inside ""

 204.  AssertionError        Status is 400 for login failure
       iteration: 26         expected undefined to be one of [ 400, 401 ]
                             at assertion:0 in test-script
                             inside "Users / POST User Login"

 205.  Error                 socket hang up
       iteration: 26         at request
                             inside ""

 206.  AssertionError        Status is 200
       iteration: 26         expected PostmanResponse{ …(5) } to have property 'code'
                             at assertion:0 in test-script
                             inside "Users / GET All Users"

 207.  Error                 socket hang up
       iteration: 26         at request
                             inside ""

 208.  AssertionError        Status is 200
       iteration: 26         expected PostmanResponse{ …(5) } to have property 'code'
                             at assertion:0 in test-script
                             inside "Users / GET User By ID"

 209.  Error                 socket hang up
       iteration: 27         at request
                             inside ""

 210.  AssertionError        Status is 201 or 200 for user creation
       iteration: 27         expected undefined to be one of [ 200, 201 ]
                             at assertion:0 in test-script
                             inside "Users / Create User"

 211.  Error                 socket hang up
       iteration: 27         at request
                             inside ""

 212.  AssertionError        Status is 400 for login failure
       iteration: 27         expected undefined to be one of [ 400, 401 ]
                             at assertion:0 in test-script
                             inside "Users / POST User Login"

 213.  Error                 socket hang up
       iteration: 27         at request
                             inside ""

 214.  AssertionError        Status is 200
       iteration: 27         expected PostmanResponse{ …(5) } to have property 'code'
                             at assertion:0 in test-script
                             inside "Users / GET All Users"

 215.  Error                 socket hang up
       iteration: 27         at request
                             inside ""

 216.  AssertionError        Status is 200
       iteration: 27         expected PostmanResponse{ …(5) } to have property 'code'
                             at assertion:0 in test-script
                             inside "Users / GET User By ID"

 217.  Error                 socket hang up
       iteration: 28         at request
                             inside ""

 218.  AssertionError        Status is 201 or 200 for user creation
       iteration: 28         expected undefined to be one of [ 200, 201 ]
                             at assertion:0 in test-script
                             inside "Users / Create User"

 219.  Error                 socket hang up
       iteration: 28         at request
                             inside ""

 220.  AssertionError        Status is 400 for login failure
       iteration: 28         expected undefined to be one of [ 400, 401 ]
                             at assertion:0 in test-script
                             inside "Users / POST User Login"

 221.  Error                 socket hang up
       iteration: 28         at request
                             inside ""

 222.  AssertionError        Status is 200
       iteration: 28         expected PostmanResponse{ …(5) } to have property 'code'
                             at assertion:0 in test-script
                             inside "Users / GET All Users"

 223.  Error                 socket hang up
       iteration: 28         at request
                             inside ""

 224.  AssertionError        Status is 200
       iteration: 28         expected PostmanResponse{ …(5) } to have property 'code'
                             at assertion:0 in test-script
                             inside "Users / GET User By ID"

 225.  Error                 socket hang up
       iteration: 29         at request
                             inside ""

 226.  AssertionError        Status is 201 or 200 for user creation
       iteration: 29         expected undefined to be one of [ 200, 201 ]
                             at assertion:0 in test-script
                             inside "Users / Create User"

 227.  Error                 socket hang up
       iteration: 29         at request
                             inside ""

 228.  AssertionError        Status is 400 for login failure
       iteration: 29         expected undefined to be one of [ 400, 401 ]
                             at assertion:0 in test-script
                             inside "Users / POST User Login"

 229.  Error                 socket hang up
       iteration: 29         at request
                             inside ""

 230.  AssertionError        Status is 200
       iteration: 29         expected PostmanResponse{ …(5) } to have property 'code'
                             at assertion:0 in test-script
                             inside "Users / GET All Users"

 231.  Error                 socket hang up
       iteration: 29         at request
                             inside ""

 232.  AssertionError        Status is 200
       iteration: 29         expected PostmanResponse{ …(5) } to have property 'code'
                             at assertion:0 in test-script
                             inside "Users / GET User By ID"

 233.  Error                 socket hang up
       iteration: 30         at request
                             inside ""

 234.  AssertionError        Status is 201 or 200 for user creation
       iteration: 30         expected undefined to be one of [ 200, 201 ]
                             at assertion:0 in test-script
                             inside "Users / Create User"

 235.  Error                 socket hang up
       iteration: 30         at request
                             inside ""

 236.  AssertionError        Status is 400 for login failure
       iteration: 30         expected undefined to be one of [ 400, 401 ]
                             at assertion:0 in test-script
                             inside "Users / POST User Login"

 237.  Error                 socket hang up
       iteration: 30         at request
                             inside ""

 238.  AssertionError        Status is 200
       iteration: 30         expected PostmanResponse{ …(5) } to have property 'code'
                             at assertion:0 in test-script
                             inside "Users / GET All Users"

 239.  Error                 socket hang up
       iteration: 30         at request
                             inside ""

 240.  AssertionError        Status is 200
       iteration: 30         expected PostmanResponse{ …(5) } to have property 'code'
                             at assertion:0 in test-script
                             inside "Users / GET User By ID"

 241.  Error                 socket hang up
       iteration: 31         at request
                             inside ""

 242.  AssertionError        Status is 201 or 200 for user creation
       iteration: 31         expected undefined to be one of [ 200, 201 ]
                             at assertion:0 in test-script
                             inside "Users / Create User"

 243.  Error                 socket hang up
       iteration: 31         at request
                             inside ""

 244.  AssertionError        Status is 400 for login failure
       iteration: 31         expected undefined to be one of [ 400, 401 ]
                             at assertion:0 in test-script
                             inside "Users / POST User Login"

 245.  Error                 socket hang up
       iteration: 31         at request
                             inside ""

 246.  AssertionError        Status is 200
       iteration: 31         expected PostmanResponse{ …(5) } to have property 'code'
                             at assertion:0 in test-script
                             inside "Users / GET All Users"

 247.  Error                 socket hang up
       iteration: 31         at request
                             inside ""

 248.  AssertionError        Status is 200
       iteration: 31         expected PostmanResponse{ …(5) } to have property 'code'
                             at assertion:0 in test-script
                             inside "Users / GET User By ID"

 249.  Error                 socket hang up
       iteration: 32         at request
                             inside ""

 250.  AssertionError        Status is 201 or 200 for user creation
       iteration: 32         expected undefined to be one of [ 200, 201 ]
                             at assertion:0 in test-script
                             inside "Users / Create User"

 251.  Error                 socket hang up
       iteration: 32         at request
                             inside ""

 252.  AssertionError        Status is 400 for login failure
       iteration: 32         expected undefined to be one of [ 400, 401 ]
                             at assertion:0 in test-script
                             inside "Users / POST User Login"

 253.  Error                 socket hang up
       iteration: 32         at request
                             inside ""

 254.  AssertionError        Status is 200
       iteration: 32         expected PostmanResponse{ …(5) } to have property 'code'
                             at assertion:0 in test-script
                             inside "Users / GET All Users"

 255.  Error                 socket hang up
       iteration: 32         at request
                             inside ""

 256.  AssertionError        Status is 200
       iteration: 32         expected PostmanResponse{ …(5) } to have property 'code'
                             at assertion:0 in test-script
                             inside "Users / GET User By ID"

 257.  Error                 socket hang up
       iteration: 33         at request
                             inside ""

 258.  AssertionError        Status is 201 or 200 for user creation
       iteration: 33         expected undefined to be one of [ 200, 201 ]
                             at assertion:0 in test-script
                             inside "Users / Create User"

 259.  Error                 socket hang up
       iteration: 33         at request
                             inside ""

 260.  AssertionError        Status is 400 for login failure
       iteration: 33         expected undefined to be one of [ 400, 401 ]
                             at assertion:0 in test-script
                             inside "Users / POST User Login"

 261.  Error                 socket hang up
       iteration: 33         at request
                             inside ""

 262.  AssertionError        Status is 200
       iteration: 33         expected PostmanResponse{ …(5) } to have property 'code'
                             at assertion:0 in test-script
                             inside "Users / GET All Users"

 263.  Error                 socket hang up
       iteration: 33         at request
                             inside ""

 264.  AssertionError        Status is 200
       iteration: 33         expected PostmanResponse{ …(5) } to have property 'code'
                             at assertion:0 in test-script
                             inside "Users / GET User By ID"

 265.  Error                 socket hang up
       iteration: 34         at request
                             inside ""

 266.  AssertionError        Status is 201 or 200 for user creation
       iteration: 34         expected undefined to be one of [ 200, 201 ]
                             at assertion:0 in test-script
                             inside "Users / Create User"

 267.  Error                 socket hang up
       iteration: 34         at request
                             inside ""

 268.  AssertionError        Status is 400 for login failure
       iteration: 34         expected undefined to be one of [ 400, 401 ]
                             at assertion:0 in test-script
                             inside "Users / POST User Login"

 269.  Error                 socket hang up
       iteration: 34         at request
                             inside ""

 270.  AssertionError        Status is 200
       iteration: 34         expected PostmanResponse{ …(5) } to have property 'code'
                             at assertion:0 in test-script
                             inside "Users / GET All Users"

 271.  Error                 socket hang up
       iteration: 34         at request
                             inside ""

 272.  AssertionError        Status is 200
       iteration: 34         expected PostmanResponse{ …(5) } to have property 'code'
                             at assertion:0 in test-script
                             inside "Users / GET User By ID"

 273.  Error                 socket hang up
       iteration: 35         at request
                             inside ""

 274.  AssertionError        Status is 201 or 200 for user creation
       iteration: 35         expected undefined to be one of [ 200, 201 ]
                             at assertion:0 in test-script
                             inside "Users / Create User"

 275.  Error                 socket hang up
       iteration: 35         at request
                             inside ""

 276.  AssertionError        Status is 400 for login failure
       iteration: 35         expected undefined to be one of [ 400, 401 ]
                             at assertion:0 in test-script
                             inside "Users / POST User Login"

 277.  Error                 socket hang up
       iteration: 35         at request
                             inside ""

 278.  AssertionError        Status is 200
       iteration: 35         expected PostmanResponse{ …(5) } to have property 'code'
                             at assertion:0 in test-script
                             inside "Users / GET All Users"

 279.  Error                 socket hang up
       iteration: 35         at request
                             inside ""

 280.  AssertionError        Status is 200
       iteration: 35         expected PostmanResponse{ …(5) } to have property 'code'
                             at assertion:0 in test-script
                             inside "Users / GET User By ID"

 281.  Error                 socket hang up
       iteration: 36         at request
                             inside ""

 282.  AssertionError        Status is 201 or 200 for user creation
       iteration: 36         expected undefined to be one of [ 200, 201 ]
                             at assertion:0 in test-script
                             inside "Users / Create User"

 283.  Error                 socket hang up
       iteration: 36         at request
                             inside ""

 284.  AssertionError        Status is 400 for login failure
       iteration: 36         expected undefined to be one of [ 400, 401 ]
                             at assertion:0 in test-script
                             inside "Users / POST User Login"

 285.  Error                 socket hang up
       iteration: 36         at request
                             inside ""

 286.  AssertionError        Status is 200
       iteration: 36         expected PostmanResponse{ …(5) } to have property 'code'
                             at assertion:0 in test-script
                             inside "Users / GET All Users"

 287.  Error                 socket hang up
       iteration: 36         at request
                             inside ""

 288.  AssertionError        Status is 200
       iteration: 36         expected PostmanResponse{ …(5) } to have property 'code'
                             at assertion:0 in test-script
                             inside "Users / GET User By ID"

 289.  Error                 socket hang up
       iteration: 37         at request
                             inside ""

 290.  AssertionError        Status is 201 or 200 for user creation
       iteration: 37         expected undefined to be one of [ 200, 201 ]
                             at assertion:0 in test-script
                             inside "Users / Create User"

 291.  Error                 socket hang up
       iteration: 37         at request
                             inside ""

 292.  AssertionError        Status is 400 for login failure
       iteration: 37         expected undefined to be one of [ 400, 401 ]
                             at assertion:0 in test-script
                             inside "Users / POST User Login"

 293.  Error                 socket hang up
       iteration: 37         at request
                             inside ""

 294.  AssertionError        Status is 200
       iteration: 37         expected PostmanResponse{ …(5) } to have property 'code'
                             at assertion:0 in test-script
                             inside "Users / GET All Users"

 295.  Error                 socket hang up
       iteration: 37         at request
                             inside ""

 296.  AssertionError        Status is 200
       iteration: 37         expected PostmanResponse{ …(5) } to have property 'code'
                             at assertion:0 in test-script
                             inside "Users / GET User By ID"

 297.  Error                 socket hang up
       iteration: 38         at request
                             inside ""

 298.  AssertionError        Status is 201 or 200 for user creation
       iteration: 38         expected undefined to be one of [ 200, 201 ]
                             at assertion:0 in test-script
                             inside "Users / Create User"

 299.  Error                 socket hang up
       iteration: 38         at request
                             inside ""

 300.  AssertionError        Status is 400 for login failure
       iteration: 38         expected undefined to be one of [ 400, 401 ]
                             at assertion:0 in test-script
                             inside "Users / POST User Login"

 301.  Error                 socket hang up
       iteration: 38         at request
                             inside ""

 302.  AssertionError        Status is 200
       iteration: 38         expected PostmanResponse{ …(5) } to have property 'code'
                             at assertion:0 in test-script
                             inside "Users / GET All Users"

 303.  Error                 socket hang up
       iteration: 38         at request
                             inside ""

 304.  AssertionError        Status is 200
       iteration: 38         expected PostmanResponse{ …(5) } to have property 'code'
                             at assertion:0 in test-script
                             inside "Users / GET User By ID"

 305.  Error                 socket hang up
       iteration: 39         at request
                             inside ""

 306.  AssertionError        Status is 201 or 200 for user creation
       iteration: 39         expected undefined to be one of [ 200, 201 ]
                             at assertion:0 in test-script
                             inside "Users / Create User"

 307.  Error                 socket hang up
       iteration: 39         at request
                             inside ""

 308.  AssertionError        Status is 400 for login failure
       iteration: 39         expected undefined to be one of [ 400, 401 ]
                             at assertion:0 in test-script
                             inside "Users / POST User Login"

 309.  Error                 socket hang up
       iteration: 39         at request
                             inside ""

 310.  AssertionError        Status is 200
       iteration: 39         expected PostmanResponse{ …(5) } to have property 'code'
                             at assertion:0 in test-script
                             inside "Users / GET All Users"

 311.  Error                 socket hang up
       iteration: 39         at request
                             inside ""

 312.  AssertionError        Status is 200
       iteration: 39         expected PostmanResponse{ …(5) } to have property 'code'
                             at assertion:0 in test-script
                             inside "Users / GET User By ID"

 313.  Error                 socket hang up
       iteration: 40         at request
                             inside ""

 314.  AssertionError        Status is 201 or 200 for user creation
       iteration: 40         expected undefined to be one of [ 200, 201 ]
                             at assertion:0 in test-script
                             inside "Users / Create User"

 315.  Error                 socket hang up
       iteration: 40         at request
                             inside ""

 316.  AssertionError        Status is 400 for login failure
       iteration: 40         expected undefined to be one of [ 400, 401 ]
                             at assertion:0 in test-script
                             inside "Users / POST User Login"

 317.  Error                 socket hang up
       iteration: 40         at request
                             inside ""

 318.  AssertionError        Status is 200
       iteration: 40         expected PostmanResponse{ …(5) } to have property 'code'
                             at assertion:0 in test-script
                             inside "Users / GET All Users"

 319.  Error                 socket hang up
       iteration: 40         at request
                             inside ""

 320.  AssertionError        Status is 200
       iteration: 40         expected PostmanResponse{ …(5) } to have property 'code'
                             at assertion:0 in test-script
                             inside "Users / GET User By ID"

 321.  Error                 socket hang up
       iteration: 41         at request
                             inside ""

 322.  AssertionError        Status is 201 or 200 for user creation
       iteration: 41         expected undefined to be one of [ 200, 201 ]
                             at assertion:0 in test-script
                             inside "Users / Create User"

 323.  Error                 socket hang up
       iteration: 41         at request
                             inside ""

 324.  AssertionError        Status is 400 for login failure
       iteration: 41         expected undefined to be one of [ 400, 401 ]
                             at assertion:0 in test-script
                             inside "Users / POST User Login"

 325.  Error                 socket hang up
       iteration: 41         at request
                             inside ""

 326.  AssertionError        Status is 200
       iteration: 41         expected PostmanResponse{ …(5) } to have property 'code'
                             at assertion:0 in test-script
                             inside "Users / GET All Users"

 327.  Error                 socket hang up
       iteration: 41         at request
                             inside ""

 328.  AssertionError        Status is 200
       iteration: 41         expected PostmanResponse{ …(5) } to have property 'code'
                             at assertion:0 in test-script
                             inside "Users / GET User By ID"

 329.  Error                 socket hang up
       iteration: 42         at request
                             inside ""

 330.  AssertionError        Status is 201 or 200 for user creation
       iteration: 42         expected undefined to be one of [ 200, 201 ]
                             at assertion:0 in test-script
                             inside "Users / Create User"

 331.  Error                 socket hang up
       iteration: 42         at request
                             inside ""

 332.  AssertionError        Status is 400 for login failure
       iteration: 42         expected undefined to be one of [ 400, 401 ]
                             at assertion:0 in test-script
                             inside "Users / POST User Login"

 333.  Error                 socket hang up
       iteration: 42         at request
                             inside ""

 334.  AssertionError        Status is 200
       iteration: 42         expected PostmanResponse{ …(5) } to have property 'code'
                             at assertion:0 in test-script
                             inside "Users / GET All Users"

 335.  Error                 socket hang up
       iteration: 42         at request
                             inside ""

 336.  AssertionError        Status is 200
       iteration: 42         expected PostmanResponse{ …(5) } to have property 'code'
                             at assertion:0 in test-script
                             inside "Users / GET User By ID"

 337.  Error                 socket hang up
       iteration: 43         at request
                             inside ""

 338.  AssertionError        Status is 201 or 200 for user creation
       iteration: 43         expected undefined to be one of [ 200, 201 ]
                             at assertion:0 in test-script
                             inside "Users / Create User"

 339.  Error                 socket hang up
       iteration: 43         at request
                             inside ""

 340.  AssertionError        Status is 400 for login failure
       iteration: 43         expected undefined to be one of [ 400, 401 ]
                             at assertion:0 in test-script
                             inside "Users / POST User Login"

 341.  Error                 socket hang up
       iteration: 43         at request
                             inside ""

 342.  AssertionError        Status is 200
       iteration: 43         expected PostmanResponse{ …(5) } to have property 'code'
                             at assertion:0 in test-script
                             inside "Users / GET All Users"

 343.  Error                 socket hang up
       iteration: 43         at request
                             inside ""

 344.  AssertionError        Status is 200
       iteration: 43         expected PostmanResponse{ …(5) } to have property 'code'
                             at assertion:0 in test-script
                             inside "Users / GET User By ID"

 345.  Error                 socket hang up
       iteration: 44         at request
                             inside ""

 346.  AssertionError        Status is 201 or 200 for user creation
       iteration: 44         expected undefined to be one of [ 200, 201 ]
                             at assertion:0 in test-script
                             inside "Users / Create User"

 347.  Error                 socket hang up
       iteration: 44         at request
                             inside ""

 348.  AssertionError        Status is 400 for login failure
       iteration: 44         expected undefined to be one of [ 400, 401 ]
                             at assertion:0 in test-script
                             inside "Users / POST User Login"

 349.  Error                 socket hang up
       iteration: 44         at request
                             inside ""

 350.  AssertionError        Status is 200
       iteration: 44         expected PostmanResponse{ …(5) } to have property 'code'
                             at assertion:0 in test-script
                             inside "Users / GET All Users"

 351.  Error                 socket hang up
       iteration: 44         at request
                             inside ""

 352.  AssertionError        Status is 200
       iteration: 44         expected PostmanResponse{ …(5) } to have property 'code'
                             at assertion:0 in test-script
                             inside "Users / GET User By ID"

 353.  Error                 socket hang up
       iteration: 45         at request
                             inside ""

 354.  AssertionError        Status is 201 or 200 for user creation
       iteration: 45         expected undefined to be one of [ 200, 201 ]
                             at assertion:0 in test-script
                             inside "Users / Create User"

 355.  Error                 socket hang up
       iteration: 45         at request
                             inside ""

 356.  AssertionError        Status is 400 for login failure
       iteration: 45         expected undefined to be one of [ 400, 401 ]
                             at assertion:0 in test-script
                             inside "Users / POST User Login"

 357.  Error                 socket hang up
       iteration: 45         at request
                             inside ""

 358.  AssertionError        Status is 200
       iteration: 45         expected PostmanResponse{ …(5) } to have property 'code'
                             at assertion:0 in test-script
                             inside "Users / GET All Users"

 359.  Error                 socket hang up
       iteration: 45         at request
                             inside ""

 360.  AssertionError        Status is 200
       iteration: 45         expected PostmanResponse{ …(5) } to have property 'code'
                             at assertion:0 in test-script
                             inside "Users / GET User By ID"

 361.  Error                 socket hang up
       iteration: 46         at request
                             inside ""

 362.  AssertionError        Status is 201 or 200 for user creation
       iteration: 46         expected undefined to be one of [ 200, 201 ]
                             at assertion:0 in test-script
                             inside "Users / Create User"

 363.  Error                 socket hang up
       iteration: 46         at request
                             inside ""

 364.  AssertionError        Status is 400 for login failure
       iteration: 46         expected undefined to be one of [ 400, 401 ]
                             at assertion:0 in test-script
                             inside "Users / POST User Login"

 365.  Error                 socket hang up
       iteration: 46         at request
                             inside ""

 366.  AssertionError        Status is 200
       iteration: 46         expected PostmanResponse{ …(5) } to have property 'code'
                             at assertion:0 in test-script
                             inside "Users / GET All Users"

 367.  Error                 socket hang up
       iteration: 46         at request
                             inside ""

 368.  AssertionError        Status is 200
       iteration: 46         expected PostmanResponse{ …(5) } to have property 'code'
                             at assertion:0 in test-script
                             inside "Users / GET User By ID"

 369.  Error                 socket hang up
       iteration: 47         at request
                             inside ""

 370.  AssertionError        Status is 201 or 200 for user creation
       iteration: 47         expected undefined to be one of [ 200, 201 ]
                             at assertion:0 in test-script
                             inside "Users / Create User"

 371.  Error                 socket hang up
       iteration: 47         at request
                             inside ""

 372.  AssertionError        Status is 400 for login failure
       iteration: 47         expected undefined to be one of [ 400, 401 ]
                             at assertion:0 in test-script
                             inside "Users / POST User Login"

 373.  Error                 socket hang up
       iteration: 47         at request
                             inside ""

 374.  AssertionError        Status is 200
       iteration: 47         expected PostmanResponse{ …(5) } to have property 'code'
                             at assertion:0 in test-script
                             inside "Users / GET All Users"

 375.  Error                 socket hang up
       iteration: 47         at request
                             inside ""

 376.  AssertionError        Status is 200
       iteration: 47         expected PostmanResponse{ …(5) } to have property 'code'
                             at assertion:0 in test-script
                             inside "Users / GET User By ID"

 377.  Error                 socket hang up
       iteration: 48         at request
                             inside ""

 378.  AssertionError        Status is 201 or 200 for user creation
       iteration: 48         expected undefined to be one of [ 200, 201 ]
                             at assertion:0 in test-script
                             inside "Users / Create User"

 379.  Error                 socket hang up
       iteration: 48         at request
                             inside ""

 380.  AssertionError        Status is 400 for login failure
       iteration: 48         expected undefined to be one of [ 400, 401 ]
                             at assertion:0 in test-script
                             inside "Users / POST User Login"

 381.  Error                 socket hang up
       iteration: 48         at request
                             inside ""

 382.  AssertionError        Status is 200
       iteration: 48         expected PostmanResponse{ …(5) } to have property 'code'
                             at assertion:0 in test-script
                             inside "Users / GET All Users"

 383.  Error                 socket hang up
       iteration: 48         at request
                             inside ""

 384.  AssertionError        Status is 200
       iteration: 48         expected PostmanResponse{ …(5) } to have property 'code'
                             at assertion:0 in test-script
                             inside "Users / GET User By ID"

 385.  Error                 socket hang up
       iteration: 49         at request
                             inside ""

 386.  AssertionError        Status is 201 or 200 for user creation
       iteration: 49         expected undefined to be one of [ 200, 201 ]
                             at assertion:0 in test-script
                             inside "Users / Create User"

 387.  Error                 socket hang up
       iteration: 49         at request
                             inside ""

 388.  AssertionError        Status is 400 for login failure
       iteration: 49         expected undefined to be one of [ 400, 401 ]
                             at assertion:0 in test-script
                             inside "Users / POST User Login"

 389.  Error                 socket hang up
       iteration: 49         at request
                             inside ""

 390.  AssertionError        Status is 200
       iteration: 49         expected PostmanResponse{ …(5) } to have property 'code'
                             at assertion:0 in test-script
                             inside "Users / GET All Users"

 391.  Error                 socket hang up
       iteration: 49         at request
                             inside ""

 392.  AssertionError        Status is 200
       iteration: 49         expected PostmanResponse{ …(5) } to have property 'code'
                             at assertion:0 in test-script
                             inside "Users / GET User By ID"

 393.  Error                 socket hang up
       iteration: 50         at request
                             inside ""

 394.  AssertionError        Status is 201 or 200 for user creation
       iteration: 50         expected undefined to be one of [ 200, 201 ]
                             at assertion:0 in test-script
                             inside "Users / Create User"

 395.  Error                 socket hang up
       iteration: 50         at request
                             inside ""

 396.  AssertionError        Status is 400 for login failure
       iteration: 50         expected undefined to be one of [ 400, 401 ]
                             at assertion:0 in test-script
                             inside "Users / POST User Login"

 397.  Error                 socket hang up
       iteration: 50         at request
                             inside ""

 398.  AssertionError        Status is 200
       iteration: 50         expected PostmanResponse{ …(5) } to have property 'code'
                             at assertion:0 in test-script
                             inside "Users / GET All Users"

 399.  Error                 socket hang up
       iteration: 50         at request
                             inside ""

 400.  AssertionError        Status is 200
       iteration: 50         expected PostmanResponse{ …(5) } to have property 'code'
                             at assertion:0 in test-script
                             inside "Users / GET User By ID"